/beegfs/HPCscratch/kreuer/CAMDA_25/generators/EmbeddedDiffusion/main.py:180: FutureWarning: Downcasting behavior in `replace` is deprecated and will be removed in a future version. To retain the old behavior, explicitly call `result.infer_objects(copy=False)`. To opt-in to the future behavior, set `pd.set_option('future.no_silent_downcasting', True)`
  y_numpy = y_train.replace(
embedded_diffusion
Using 8 groups for GroupNorm
Using 8 groups for GroupNorm
Applying SMOTE to balance the dataset...
Class distribution before SMOTE: Counter({4: 736, 0: 355, 9: 352, 1: 334, 6: 331, 10: 308, 5: 283, 2: 249, 8: 198, 3: 124, 7: 120, 11: 69})
Class distribution after SMOTE: Counter({0: 3000, 1: 3000, 3: 3000, 5: 3000, 6: 3000, 7: 3000, 8: 3000, 4: 3000, 2: 3000, 9: 3000, 10: 3000, 11: 3000})
Epoch 0/300, Average Loss: 1.082942, Learning Rate: 0.000040
New best model with loss: 1.082942
Epoch 1/300, Average Loss: 0.689320, Learning Rate: 0.000041
New best model with loss: 0.689320
Epoch 2/300, Average Loss: 0.336615, Learning Rate: 0.000043
New best model with loss: 0.336615
Epoch 3/300, Average Loss: 0.216512, Learning Rate: 0.000046
New best model with loss: 0.216512
Epoch 4/300, Average Loss: 0.179492, Learning Rate: 0.000050
New best model with loss: 0.179492
Epoch 5/300, Average Loss: 0.172525, Learning Rate: 0.000056
New best model with loss: 0.172525
Epoch 6/300, Average Loss: 0.170419, Learning Rate: 0.000063
New best model with loss: 0.170419
Epoch 7/300, Average Loss: 0.169086, Learning Rate: 0.000072
New best model with loss: 0.169086
Epoch 8/300, Average Loss: 0.168670, Learning Rate: 0.000081
New best model with loss: 0.168670
Epoch 9/300, Average Loss: 0.169998, Learning Rate: 0.000092
No improvement for 1 epochs. Best loss: 0.168670
Epoch 10/300, Average Loss: 0.170966, Learning Rate: 0.000104
No improvement for 2 epochs. Best loss: 0.168670
Epoch 11/300, Average Loss: 0.170357, Learning Rate: 0.000117
No improvement for 3 epochs. Best loss: 0.168670
Epoch 12/300, Average Loss: 0.169645, Learning Rate: 0.000132
No improvement for 4 epochs. Best loss: 0.168670
Epoch 13/300, Average Loss: 0.170846, Learning Rate: 0.000147
No improvement for 5 epochs. Best loss: 0.168670
Epoch 14/300, Average Loss: 0.172557, Learning Rate: 0.000163
No improvement for 6 epochs. Best loss: 0.168670
Epoch 15/300, Average Loss: 0.171852, Learning Rate: 0.000181
No improvement for 7 epochs. Best loss: 0.168670
Epoch 16/300, Average Loss: 0.172185, Learning Rate: 0.000199
No improvement for 8 epochs. Best loss: 0.168670
Epoch 17/300, Average Loss: 0.171612, Learning Rate: 0.000218
No improvement for 9 epochs. Best loss: 0.168670
Epoch 18/300, Average Loss: 0.171746, Learning Rate: 0.000238
No improvement for 10 epochs. Best loss: 0.168670
Epoch 19/300, Average Loss: 0.172281, Learning Rate: 0.000259
No improvement for 11 epochs. Best loss: 0.168670
Epoch 20/300, Average Loss: 0.171401, Learning Rate: 0.000280
No improvement for 12 epochs. Best loss: 0.168670
Epoch 21/300, Average Loss: 0.169452, Learning Rate: 0.000302
No improvement for 13 epochs. Best loss: 0.168670
Epoch 22/300, Average Loss: 0.169745, Learning Rate: 0.000325
No improvement for 14 epochs. Best loss: 0.168670
Epoch 23/300, Average Loss: 0.167557, Learning Rate: 0.000348
New best model with loss: 0.167557
Epoch 24/300, Average Loss: 0.165632, Learning Rate: 0.000372
New best model with loss: 0.165632
Epoch 25/300, Average Loss: 0.162609, Learning Rate: 0.000396
New best model with loss: 0.162609
Epoch 26/300, Average Loss: 0.157085, Learning Rate: 0.000420
New best model with loss: 0.157085
Epoch 27/300, Average Loss: 0.155602, Learning Rate: 0.000445
New best model with loss: 0.155602
Epoch 28/300, Average Loss: 0.151932, Learning Rate: 0.000470
New best model with loss: 0.151932
Epoch 29/300, Average Loss: 0.151541, Learning Rate: 0.000495
New best model with loss: 0.151541
Epoch 30/300, Average Loss: 0.146436, Learning Rate: 0.000520
New best model with loss: 0.146436
Epoch 31/300, Average Loss: 0.146249, Learning Rate: 0.000545
New best model with loss: 0.146249
Epoch 32/300, Average Loss: 0.143043, Learning Rate: 0.000570
New best model with loss: 0.143043
Epoch 33/300, Average Loss: 0.142185, Learning Rate: 0.000595
New best model with loss: 0.142185
Epoch 34/300, Average Loss: 0.144411, Learning Rate: 0.000620
No improvement for 1 epochs. Best loss: 0.142185
Epoch 35/300, Average Loss: 0.140754, Learning Rate: 0.000644
New best model with loss: 0.140754
Epoch 36/300, Average Loss: 0.139158, Learning Rate: 0.000668
New best model with loss: 0.139158
Epoch 37/300, Average Loss: 0.140541, Learning Rate: 0.000692
No improvement for 1 epochs. Best loss: 0.139158
Epoch 38/300, Average Loss: 0.136492, Learning Rate: 0.000715
New best model with loss: 0.136492
Epoch 39/300, Average Loss: 0.136006, Learning Rate: 0.000738
New best model with loss: 0.136006
Epoch 40/300, Average Loss: 0.136338, Learning Rate: 0.000760
No improvement for 1 epochs. Best loss: 0.136006
Epoch 41/300, Average Loss: 0.133751, Learning Rate: 0.000781
New best model with loss: 0.133751
Epoch 42/300, Average Loss: 0.133979, Learning Rate: 0.000802
No improvement for 1 epochs. Best loss: 0.133751
Epoch 43/300, Average Loss: 0.131575, Learning Rate: 0.000822
New best model with loss: 0.131575
Epoch 44/300, Average Loss: 0.130604, Learning Rate: 0.000841
New best model with loss: 0.130604
Epoch 45/300, Average Loss: 0.131620, Learning Rate: 0.000859
No improvement for 1 epochs. Best loss: 0.130604
Epoch 46/300, Average Loss: 0.131769, Learning Rate: 0.000877
No improvement for 2 epochs. Best loss: 0.130604
Epoch 47/300, Average Loss: 0.127815, Learning Rate: 0.000893
New best model with loss: 0.127815
Epoch 48/300, Average Loss: 0.129531, Learning Rate: 0.000908
No improvement for 1 epochs. Best loss: 0.127815
Epoch 49/300, Average Loss: 0.127330, Learning Rate: 0.000923
New best model with loss: 0.127330
Epoch 50/300, Average Loss: 0.126040, Learning Rate: 0.000936
New best model with loss: 0.126040
Epoch 51/300, Average Loss: 0.128683, Learning Rate: 0.000948
No improvement for 1 epochs. Best loss: 0.126040
Epoch 52/300, Average Loss: 0.127289, Learning Rate: 0.000959
No improvement for 2 epochs. Best loss: 0.126040
Epoch 53/300, Average Loss: 0.125364, Learning Rate: 0.000968
New best model with loss: 0.125364
Epoch 54/300, Average Loss: 0.127659, Learning Rate: 0.000977
No improvement for 1 epochs. Best loss: 0.125364
Epoch 55/300, Average Loss: 0.122601, Learning Rate: 0.000984
New best model with loss: 0.122601
Epoch 56/300, Average Loss: 0.124516, Learning Rate: 0.000990
No improvement for 1 epochs. Best loss: 0.122601
Epoch 57/300, Average Loss: 0.123414, Learning Rate: 0.000994
No improvement for 2 epochs. Best loss: 0.122601
Epoch 58/300, Average Loss: 0.123404, Learning Rate: 0.000997
No improvement for 3 epochs. Best loss: 0.122601
Epoch 59/300, Average Loss: 0.122655, Learning Rate: 0.000999
No improvement for 4 epochs. Best loss: 0.122601
Epoch 60/300, Average Loss: 0.120783, Learning Rate: 0.001000
New best model with loss: 0.120783
Epoch 61/300, Average Loss: 0.119941, Learning Rate: 0.001000
New best model with loss: 0.119941
Epoch 62/300, Average Loss: 0.121673, Learning Rate: 0.001000
No improvement for 1 epochs. Best loss: 0.119941
Epoch 63/300, Average Loss: 0.121816, Learning Rate: 0.001000
No improvement for 2 epochs. Best loss: 0.119941
Epoch 64/300, Average Loss: 0.120174, Learning Rate: 0.000999
No improvement for 3 epochs. Best loss: 0.119941
Epoch 65/300, Average Loss: 0.118416, Learning Rate: 0.000999
New best model with loss: 0.118416
Epoch 66/300, Average Loss: 0.120070, Learning Rate: 0.000998
No improvement for 1 epochs. Best loss: 0.118416
Epoch 67/300, Average Loss: 0.119893, Learning Rate: 0.000998
No improvement for 2 epochs. Best loss: 0.118416
Epoch 68/300, Average Loss: 0.118106, Learning Rate: 0.000997
New best model with loss: 0.118106
Epoch 69/300, Average Loss: 0.119276, Learning Rate: 0.000997
No improvement for 1 epochs. Best loss: 0.118106
Epoch 70/300, Average Loss: 0.117135, Learning Rate: 0.000996
New best model with loss: 0.117135
Epoch 71/300, Average Loss: 0.115591, Learning Rate: 0.000995
New best model with loss: 0.115591
Epoch 72/300, Average Loss: 0.118579, Learning Rate: 0.000994
No improvement for 1 epochs. Best loss: 0.115591
Epoch 73/300, Average Loss: 0.116639, Learning Rate: 0.000993
No improvement for 2 epochs. Best loss: 0.115591
Epoch 74/300, Average Loss: 0.116616, Learning Rate: 0.000992
No improvement for 3 epochs. Best loss: 0.115591
Epoch 75/300, Average Loss: 0.115080, Learning Rate: 0.000990
New best model with loss: 0.115080
Epoch 76/300, Average Loss: 0.114752, Learning Rate: 0.000989
New best model with loss: 0.114752
Epoch 77/300, Average Loss: 0.116895, Learning Rate: 0.000988
No improvement for 1 epochs. Best loss: 0.114752
Epoch 78/300, Average Loss: 0.116198, Learning Rate: 0.000986
No improvement for 2 epochs. Best loss: 0.114752
Epoch 79/300, Average Loss: 0.115285, Learning Rate: 0.000985
No improvement for 3 epochs. Best loss: 0.114752
Epoch 80/300, Average Loss: 0.114234, Learning Rate: 0.000983
New best model with loss: 0.114234
Epoch 81/300, Average Loss: 0.112903, Learning Rate: 0.000981
New best model with loss: 0.112903
Epoch 82/300, Average Loss: 0.115560, Learning Rate: 0.000979
No improvement for 1 epochs. Best loss: 0.112903
Epoch 83/300, Average Loss: 0.114374, Learning Rate: 0.000978
No improvement for 2 epochs. Best loss: 0.112903
Epoch 84/300, Average Loss: 0.113603, Learning Rate: 0.000976
No improvement for 3 epochs. Best loss: 0.112903
Epoch 85/300, Average Loss: 0.114269, Learning Rate: 0.000974
No improvement for 4 epochs. Best loss: 0.112903
Epoch 86/300, Average Loss: 0.111734, Learning Rate: 0.000971
New best model with loss: 0.111734
Epoch 87/300, Average Loss: 0.112443, Learning Rate: 0.000969
No improvement for 1 epochs. Best loss: 0.111734
Epoch 88/300, Average Loss: 0.113149, Learning Rate: 0.000967
No improvement for 2 epochs. Best loss: 0.111734
Epoch 89/300, Average Loss: 0.111036, Learning Rate: 0.000964
New best model with loss: 0.111036
Epoch 90/300, Average Loss: 0.112540, Learning Rate: 0.000962
No improvement for 1 epochs. Best loss: 0.111036
Epoch 91/300, Average Loss: 0.111112, Learning Rate: 0.000959
No improvement for 2 epochs. Best loss: 0.111036
Epoch 92/300, Average Loss: 0.112959, Learning Rate: 0.000957
No improvement for 3 epochs. Best loss: 0.111036
Epoch 93/300, Average Loss: 0.112345, Learning Rate: 0.000954
No improvement for 4 epochs. Best loss: 0.111036
Epoch 94/300, Average Loss: 0.112348, Learning Rate: 0.000951
No improvement for 5 epochs. Best loss: 0.111036
Epoch 95/300, Average Loss: 0.109666, Learning Rate: 0.000949
New best model with loss: 0.109666
Epoch 96/300, Average Loss: 0.109704, Learning Rate: 0.000946
No improvement for 1 epochs. Best loss: 0.109666
Epoch 97/300, Average Loss: 0.108602, Learning Rate: 0.000943
New best model with loss: 0.108602
Epoch 98/300, Average Loss: 0.108658, Learning Rate: 0.000940
No improvement for 1 epochs. Best loss: 0.108602
Epoch 99/300, Average Loss: 0.109748, Learning Rate: 0.000936
No improvement for 2 epochs. Best loss: 0.108602
Epoch 100/300, Average Loss: 0.109059, Learning Rate: 0.000933
No improvement for 3 epochs. Best loss: 0.108602
Epoch 101/300, Average Loss: 0.110846, Learning Rate: 0.000930
No improvement for 4 epochs. Best loss: 0.108602
Epoch 102/300, Average Loss: 0.110271, Learning Rate: 0.000926
No improvement for 5 epochs. Best loss: 0.108602
Epoch 103/300, Average Loss: 0.109806, Learning Rate: 0.000923
No improvement for 6 epochs. Best loss: 0.108602
Epoch 104/300, Average Loss: 0.108861, Learning Rate: 0.000919
No improvement for 7 epochs. Best loss: 0.108602
Epoch 105/300, Average Loss: 0.109022, Learning Rate: 0.000916
No improvement for 8 epochs. Best loss: 0.108602
Epoch 106/300, Average Loss: 0.107955, Learning Rate: 0.000912
New best model with loss: 0.107955
Epoch 107/300, Average Loss: 0.108578, Learning Rate: 0.000908
No improvement for 1 epochs. Best loss: 0.107955
Epoch 108/300, Average Loss: 0.108753, Learning Rate: 0.000905
No improvement for 2 epochs. Best loss: 0.107955
Epoch 109/300, Average Loss: 0.108409, Learning Rate: 0.000901
No improvement for 3 epochs. Best loss: 0.107955
Epoch 110/300, Average Loss: 0.107788, Learning Rate: 0.000897
New best model with loss: 0.107788
Epoch 111/300, Average Loss: 0.108058, Learning Rate: 0.000893
No improvement for 1 epochs. Best loss: 0.107788
Epoch 112/300, Average Loss: 0.107921, Learning Rate: 0.000889
No improvement for 2 epochs. Best loss: 0.107788
Epoch 113/300, Average Loss: 0.108213, Learning Rate: 0.000885
No improvement for 3 epochs. Best loss: 0.107788
Epoch 114/300, Average Loss: 0.108219, Learning Rate: 0.000880
No improvement for 4 epochs. Best loss: 0.107788
Epoch 115/300, Average Loss: 0.107116, Learning Rate: 0.000876
New best model with loss: 0.107116
Epoch 116/300, Average Loss: 0.106381, Learning Rate: 0.000872
New best model with loss: 0.106381
Epoch 117/300, Average Loss: 0.106855, Learning Rate: 0.000867
No improvement for 1 epochs. Best loss: 0.106381
Epoch 118/300, Average Loss: 0.106905, Learning Rate: 0.000863
No improvement for 2 epochs. Best loss: 0.106381
Epoch 119/300, Average Loss: 0.106561, Learning Rate: 0.000858
No improvement for 3 epochs. Best loss: 0.106381
Epoch 120/300, Average Loss: 0.106473, Learning Rate: 0.000854
No improvement for 4 epochs. Best loss: 0.106381
Epoch 121/300, Average Loss: 0.106944, Learning Rate: 0.000849
No improvement for 5 epochs. Best loss: 0.106381
Epoch 122/300, Average Loss: 0.105568, Learning Rate: 0.000844
New best model with loss: 0.105568
Epoch 123/300, Average Loss: 0.107400, Learning Rate: 0.000840
No improvement for 1 epochs. Best loss: 0.105568
Epoch 124/300, Average Loss: 0.106137, Learning Rate: 0.000835
No improvement for 2 epochs. Best loss: 0.105568
Epoch 125/300, Average Loss: 0.106575, Learning Rate: 0.000830
No improvement for 3 epochs. Best loss: 0.105568
Epoch 126/300, Average Loss: 0.105666, Learning Rate: 0.000825
No improvement for 4 epochs. Best loss: 0.105568
Epoch 127/300, Average Loss: 0.106398, Learning Rate: 0.000820
No improvement for 5 epochs. Best loss: 0.105568
Epoch 128/300, Average Loss: 0.105614, Learning Rate: 0.000815
No improvement for 6 epochs. Best loss: 0.105568
Epoch 129/300, Average Loss: 0.105936, Learning Rate: 0.000810
No improvement for 7 epochs. Best loss: 0.105568
Epoch 130/300, Average Loss: 0.105245, Learning Rate: 0.000805
New best model with loss: 0.105245
Epoch 131/300, Average Loss: 0.104920, Learning Rate: 0.000799
New best model with loss: 0.104920
Epoch 132/300, Average Loss: 0.103725, Learning Rate: 0.000794
New best model with loss: 0.103725
Epoch 133/300, Average Loss: 0.106098, Learning Rate: 0.000789
No improvement for 1 epochs. Best loss: 0.103725
Epoch 134/300, Average Loss: 0.105186, Learning Rate: 0.000784
No improvement for 2 epochs. Best loss: 0.103725
Epoch 135/300, Average Loss: 0.104730, Learning Rate: 0.000778
No improvement for 3 epochs. Best loss: 0.103725
Epoch 136/300, Average Loss: 0.104147, Learning Rate: 0.000773
No improvement for 4 epochs. Best loss: 0.103725
Epoch 137/300, Average Loss: 0.103964, Learning Rate: 0.000767
No improvement for 5 epochs. Best loss: 0.103725
Epoch 138/300, Average Loss: 0.104436, Learning Rate: 0.000762
No improvement for 6 epochs. Best loss: 0.103725
Epoch 139/300, Average Loss: 0.103033, Learning Rate: 0.000756
New best model with loss: 0.103033
Epoch 140/300, Average Loss: 0.104102, Learning Rate: 0.000750
No improvement for 1 epochs. Best loss: 0.103033
Epoch 141/300, Average Loss: 0.105546, Learning Rate: 0.000745
No improvement for 2 epochs. Best loss: 0.103033
Epoch 142/300, Average Loss: 0.104041, Learning Rate: 0.000739
No improvement for 3 epochs. Best loss: 0.103033
Epoch 143/300, Average Loss: 0.103961, Learning Rate: 0.000733
No improvement for 4 epochs. Best loss: 0.103033
Epoch 144/300, Average Loss: 0.102584, Learning Rate: 0.000727
New best model with loss: 0.102584
Epoch 145/300, Average Loss: 0.103975, Learning Rate: 0.000722
No improvement for 1 epochs. Best loss: 0.102584
Epoch 146/300, Average Loss: 0.104049, Learning Rate: 0.000716
No improvement for 2 epochs. Best loss: 0.102584
Epoch 147/300, Average Loss: 0.103125, Learning Rate: 0.000710
No improvement for 3 epochs. Best loss: 0.102584
Epoch 148/300, Average Loss: 0.101400, Learning Rate: 0.000704
New best model with loss: 0.101400
Epoch 149/300, Average Loss: 0.103067, Learning Rate: 0.000698
No improvement for 1 epochs. Best loss: 0.101400
Epoch 150/300, Average Loss: 0.100530, Learning Rate: 0.000692
New best model with loss: 0.100530
Epoch 151/300, Average Loss: 0.103456, Learning Rate: 0.000686
No improvement for 1 epochs. Best loss: 0.100530
Epoch 152/300, Average Loss: 0.100372, Learning Rate: 0.000680
New best model with loss: 0.100372
Epoch 153/300, Average Loss: 0.102170, Learning Rate: 0.000674
No improvement for 1 epochs. Best loss: 0.100372
Epoch 154/300, Average Loss: 0.103002, Learning Rate: 0.000667
No improvement for 2 epochs. Best loss: 0.100372
Epoch 155/300, Average Loss: 0.100400, Learning Rate: 0.000661
No improvement for 3 epochs. Best loss: 0.100372
Epoch 156/300, Average Loss: 0.101231, Learning Rate: 0.000655
No improvement for 4 epochs. Best loss: 0.100372
Epoch 157/300, Average Loss: 0.100482, Learning Rate: 0.000649
No improvement for 5 epochs. Best loss: 0.100372
Epoch 158/300, Average Loss: 0.102319, Learning Rate: 0.000643
No improvement for 6 epochs. Best loss: 0.100372
Epoch 159/300, Average Loss: 0.101598, Learning Rate: 0.000636
No improvement for 7 epochs. Best loss: 0.100372
Epoch 160/300, Average Loss: 0.102014, Learning Rate: 0.000630
No improvement for 8 epochs. Best loss: 0.100372
Epoch 161/300, Average Loss: 0.102589, Learning Rate: 0.000624
No improvement for 9 epochs. Best loss: 0.100372
Epoch 162/300, Average Loss: 0.098868, Learning Rate: 0.000617
New best model with loss: 0.098868
Epoch 163/300, Average Loss: 0.100577, Learning Rate: 0.000611
No improvement for 1 epochs. Best loss: 0.098868
Epoch 164/300, Average Loss: 0.100345, Learning Rate: 0.000605
No improvement for 2 epochs. Best loss: 0.098868
Epoch 165/300, Average Loss: 0.100054, Learning Rate: 0.000598
No improvement for 3 epochs. Best loss: 0.098868
Epoch 166/300, Average Loss: 0.098535, Learning Rate: 0.000592
New best model with loss: 0.098535
Epoch 167/300, Average Loss: 0.099601, Learning Rate: 0.000585
No improvement for 1 epochs. Best loss: 0.098535
Epoch 168/300, Average Loss: 0.100324, Learning Rate: 0.000579
No improvement for 2 epochs. Best loss: 0.098535
Epoch 169/300, Average Loss: 0.099403, Learning Rate: 0.000572
No improvement for 3 epochs. Best loss: 0.098535
Epoch 170/300, Average Loss: 0.099776, Learning Rate: 0.000566
No improvement for 4 epochs. Best loss: 0.098535
Epoch 171/300, Average Loss: 0.097475, Learning Rate: 0.000559
New best model with loss: 0.097475
Epoch 172/300, Average Loss: 0.098543, Learning Rate: 0.000553
No improvement for 1 epochs. Best loss: 0.097475
Epoch 173/300, Average Loss: 0.097370, Learning Rate: 0.000546
New best model with loss: 0.097370
Epoch 174/300, Average Loss: 0.099197, Learning Rate: 0.000540
No improvement for 1 epochs. Best loss: 0.097370
Epoch 175/300, Average Loss: 0.098583, Learning Rate: 0.000533
No improvement for 2 epochs. Best loss: 0.097370
Epoch 176/300, Average Loss: 0.097986, Learning Rate: 0.000527
No improvement for 3 epochs. Best loss: 0.097370
Epoch 177/300, Average Loss: 0.097656, Learning Rate: 0.000520
No improvement for 4 epochs. Best loss: 0.097370
Epoch 178/300, Average Loss: 0.098919, Learning Rate: 0.000514
No improvement for 5 epochs. Best loss: 0.097370
Epoch 179/300, Average Loss: 0.099743, Learning Rate: 0.000507
No improvement for 6 epochs. Best loss: 0.097370
Epoch 180/300, Average Loss: 0.098349, Learning Rate: 0.000501
No improvement for 7 epochs. Best loss: 0.097370
Epoch 181/300, Average Loss: 0.097244, Learning Rate: 0.000494
New best model with loss: 0.097244
Epoch 182/300, Average Loss: 0.097674, Learning Rate: 0.000488
No improvement for 1 epochs. Best loss: 0.097244
Epoch 183/300, Average Loss: 0.096972, Learning Rate: 0.000481
New best model with loss: 0.096972
Epoch 184/300, Average Loss: 0.096998, Learning Rate: 0.000475
No improvement for 1 epochs. Best loss: 0.096972
Epoch 185/300, Average Loss: 0.095908, Learning Rate: 0.000468
New best model with loss: 0.095908
Epoch 186/300, Average Loss: 0.097314, Learning Rate: 0.000462
No improvement for 1 epochs. Best loss: 0.095908
Epoch 187/300, Average Loss: 0.096673, Learning Rate: 0.000455
No improvement for 2 epochs. Best loss: 0.095908
Epoch 188/300, Average Loss: 0.096457, Learning Rate: 0.000449
No improvement for 3 epochs. Best loss: 0.095908
Epoch 189/300, Average Loss: 0.097941, Learning Rate: 0.000442
No improvement for 4 epochs. Best loss: 0.095908
Epoch 190/300, Average Loss: 0.097257, Learning Rate: 0.000436
No improvement for 5 epochs. Best loss: 0.095908
Epoch 191/300, Average Loss: 0.096570, Learning Rate: 0.000429
No improvement for 6 epochs. Best loss: 0.095908
Epoch 192/300, Average Loss: 0.097004, Learning Rate: 0.000423
No improvement for 7 epochs. Best loss: 0.095908
Epoch 193/300, Average Loss: 0.096648, Learning Rate: 0.000416
No improvement for 8 epochs. Best loss: 0.095908
Epoch 194/300, Average Loss: 0.095462, Learning Rate: 0.000410
New best model with loss: 0.095462
Epoch 195/300, Average Loss: 0.097780, Learning Rate: 0.000403
No improvement for 1 epochs. Best loss: 0.095462
Epoch 196/300, Average Loss: 0.093893, Learning Rate: 0.000397
New best model with loss: 0.093893
Epoch 197/300, Average Loss: 0.097419, Learning Rate: 0.000391
No improvement for 1 epochs. Best loss: 0.093893
Epoch 198/300, Average Loss: 0.097864, Learning Rate: 0.000384
No improvement for 2 epochs. Best loss: 0.093893
Epoch 199/300, Average Loss: 0.095849, Learning Rate: 0.000378
No improvement for 3 epochs. Best loss: 0.093893
Epoch 200/300, Average Loss: 0.096827, Learning Rate: 0.000372
No improvement for 4 epochs. Best loss: 0.093893
Epoch 201/300, Average Loss: 0.096196, Learning Rate: 0.000365
No improvement for 5 epochs. Best loss: 0.093893
Epoch 202/300, Average Loss: 0.095067, Learning Rate: 0.000359
No improvement for 6 epochs. Best loss: 0.093893
Epoch 203/300, Average Loss: 0.094695, Learning Rate: 0.000353
No improvement for 7 epochs. Best loss: 0.093893
Epoch 204/300, Average Loss: 0.095845, Learning Rate: 0.000347
No improvement for 8 epochs. Best loss: 0.093893
Epoch 205/300, Average Loss: 0.096829, Learning Rate: 0.000340
No improvement for 9 epochs. Best loss: 0.093893
Epoch 206/300, Average Loss: 0.093916, Learning Rate: 0.000334
No improvement for 10 epochs. Best loss: 0.093893
Epoch 207/300, Average Loss: 0.095157, Learning Rate: 0.000328
No improvement for 11 epochs. Best loss: 0.093893
Epoch 208/300, Average Loss: 0.094972, Learning Rate: 0.000322
No improvement for 12 epochs. Best loss: 0.093893
Epoch 209/300, Average Loss: 0.095582, Learning Rate: 0.000316
No improvement for 13 epochs. Best loss: 0.093893
Epoch 210/300, Average Loss: 0.096539, Learning Rate: 0.000310
No improvement for 14 epochs. Best loss: 0.093893
Epoch 211/300, Average Loss: 0.093333, Learning Rate: 0.000304
New best model with loss: 0.093333
Epoch 212/300, Average Loss: 0.095373, Learning Rate: 0.000298
No improvement for 1 epochs. Best loss: 0.093333
Epoch 213/300, Average Loss: 0.094684, Learning Rate: 0.000292
No improvement for 2 epochs. Best loss: 0.093333
Epoch 214/300, Average Loss: 0.092821, Learning Rate: 0.000286
New best model with loss: 0.092821
Epoch 215/300, Average Loss: 0.094886, Learning Rate: 0.000280
No improvement for 1 epochs. Best loss: 0.092821
Epoch 216/300, Average Loss: 0.093966, Learning Rate: 0.000274
No improvement for 2 epochs. Best loss: 0.092821
Epoch 217/300, Average Loss: 0.093290, Learning Rate: 0.000268
No improvement for 3 epochs. Best loss: 0.092821
Epoch 218/300, Average Loss: 0.094504, Learning Rate: 0.000263
No improvement for 4 epochs. Best loss: 0.092821
Epoch 219/300, Average Loss: 0.094833, Learning Rate: 0.000257
No improvement for 5 epochs. Best loss: 0.092821
Epoch 220/300, Average Loss: 0.095017, Learning Rate: 0.000251
No improvement for 6 epochs. Best loss: 0.092821
Epoch 221/300, Average Loss: 0.094759, Learning Rate: 0.000246
No improvement for 7 epochs. Best loss: 0.092821
Epoch 222/300, Average Loss: 0.094310, Learning Rate: 0.000240
No improvement for 8 epochs. Best loss: 0.092821
Epoch 223/300, Average Loss: 0.093878, Learning Rate: 0.000234
No improvement for 9 epochs. Best loss: 0.092821
Epoch 224/300, Average Loss: 0.094646, Learning Rate: 0.000229
No improvement for 10 epochs. Best loss: 0.092821
Epoch 225/300, Average Loss: 0.094006, Learning Rate: 0.000223
No improvement for 11 epochs. Best loss: 0.092821
Epoch 226/300, Average Loss: 0.093401, Learning Rate: 0.000218
No improvement for 12 epochs. Best loss: 0.092821
Epoch 227/300, Average Loss: 0.093749, Learning Rate: 0.000213
No improvement for 13 epochs. Best loss: 0.092821
Epoch 228/300, Average Loss: 0.091805, Learning Rate: 0.000207
New best model with loss: 0.091805
Epoch 229/300, Average Loss: 0.092878, Learning Rate: 0.000202
No improvement for 1 epochs. Best loss: 0.091805
Epoch 230/300, Average Loss: 0.092644, Learning Rate: 0.000197
No improvement for 2 epochs. Best loss: 0.091805
Epoch 231/300, Average Loss: 0.092248, Learning Rate: 0.000192
No improvement for 3 epochs. Best loss: 0.091805
Epoch 232/300, Average Loss: 0.091140, Learning Rate: 0.000187
New best model with loss: 0.091140
Epoch 233/300, Average Loss: 0.092557, Learning Rate: 0.000182
No improvement for 1 epochs. Best loss: 0.091140
Epoch 234/300, Average Loss: 0.092480, Learning Rate: 0.000177
No improvement for 2 epochs. Best loss: 0.091140
Epoch 235/300, Average Loss: 0.092432, Learning Rate: 0.000172
No improvement for 3 epochs. Best loss: 0.091140
Epoch 236/300, Average Loss: 0.093048, Learning Rate: 0.000167
No improvement for 4 epochs. Best loss: 0.091140
Epoch 237/300, Average Loss: 0.092130, Learning Rate: 0.000162
No improvement for 5 epochs. Best loss: 0.091140
Epoch 238/300, Average Loss: 0.092580, Learning Rate: 0.000157
No improvement for 6 epochs. Best loss: 0.091140
Epoch 239/300, Average Loss: 0.092650, Learning Rate: 0.000152
No improvement for 7 epochs. Best loss: 0.091140
Epoch 240/300, Average Loss: 0.093101, Learning Rate: 0.000148
No improvement for 8 epochs. Best loss: 0.091140
Epoch 241/300, Average Loss: 0.092343, Learning Rate: 0.000143
No improvement for 9 epochs. Best loss: 0.091140
Epoch 242/300, Average Loss: 0.092172, Learning Rate: 0.000139
No improvement for 10 epochs. Best loss: 0.091140
Epoch 243/300, Average Loss: 0.093334, Learning Rate: 0.000134
No improvement for 11 epochs. Best loss: 0.091140
Epoch 244/300, Average Loss: 0.090554, Learning Rate: 0.000130
New best model with loss: 0.090554
Epoch 245/300, Average Loss: 0.093357, Learning Rate: 0.000125
No improvement for 1 epochs. Best loss: 0.090554
Epoch 246/300, Average Loss: 0.091890, Learning Rate: 0.000121
No improvement for 2 epochs. Best loss: 0.090554
Epoch 247/300, Average Loss: 0.091796, Learning Rate: 0.000117
No improvement for 3 epochs. Best loss: 0.090554
Epoch 248/300, Average Loss: 0.092398, Learning Rate: 0.000113
No improvement for 4 epochs. Best loss: 0.090554
Epoch 249/300, Average Loss: 0.092419, Learning Rate: 0.000109
No improvement for 5 epochs. Best loss: 0.090554
Epoch 250/300, Average Loss: 0.091354, Learning Rate: 0.000105
No improvement for 6 epochs. Best loss: 0.090554
Epoch 251/300, Average Loss: 0.091961, Learning Rate: 0.000101
No improvement for 7 epochs. Best loss: 0.090554
Epoch 252/300, Average Loss: 0.091859, Learning Rate: 0.000097
No improvement for 8 epochs. Best loss: 0.090554
Epoch 253/300, Average Loss: 0.090684, Learning Rate: 0.000093
No improvement for 9 epochs. Best loss: 0.090554
Epoch 254/300, Average Loss: 0.091124, Learning Rate: 0.000089
No improvement for 10 epochs. Best loss: 0.090554
Epoch 255/300, Average Loss: 0.091732, Learning Rate: 0.000086
No improvement for 11 epochs. Best loss: 0.090554
Epoch 256/300, Average Loss: 0.091156, Learning Rate: 0.000082
No improvement for 12 epochs. Best loss: 0.090554
Epoch 257/300, Average Loss: 0.090809, Learning Rate: 0.000079
No improvement for 13 epochs. Best loss: 0.090554
Epoch 258/300, Average Loss: 0.091613, Learning Rate: 0.000075
No improvement for 14 epochs. Best loss: 0.090554
Epoch 259/300, Average Loss: 0.091628, Learning Rate: 0.000072
No improvement for 15 epochs. Best loss: 0.090554
Epoch 260/300, Average Loss: 0.090989, Learning Rate: 0.000068
No improvement for 16 epochs. Best loss: 0.090554
Epoch 261/300, Average Loss: 0.091103, Learning Rate: 0.000065
No improvement for 17 epochs. Best loss: 0.090554
Epoch 262/300, Average Loss: 0.090132, Learning Rate: 0.000062
New best model with loss: 0.090132
Epoch 263/300, Average Loss: 0.091076, Learning Rate: 0.000059
No improvement for 1 epochs. Best loss: 0.090132
Epoch 264/300, Average Loss: 0.090593, Learning Rate: 0.000056
No improvement for 2 epochs. Best loss: 0.090132
Epoch 265/300, Average Loss: 0.091048, Learning Rate: 0.000053
No improvement for 3 epochs. Best loss: 0.090132
Epoch 266/300, Average Loss: 0.090991, Learning Rate: 0.000050
No improvement for 4 epochs. Best loss: 0.090132
Epoch 267/300, Average Loss: 0.091418, Learning Rate: 0.000047
No improvement for 5 epochs. Best loss: 0.090132
Epoch 268/300, Average Loss: 0.090825, Learning Rate: 0.000045
No improvement for 6 epochs. Best loss: 0.090132
Epoch 269/300, Average Loss: 0.090710, Learning Rate: 0.000042
No improvement for 7 epochs. Best loss: 0.090132
Epoch 270/300, Average Loss: 0.091783, Learning Rate: 0.000040
No improvement for 8 epochs. Best loss: 0.090132
Epoch 271/300, Average Loss: 0.089529, Learning Rate: 0.000037
New best model with loss: 0.089529
Epoch 272/300, Average Loss: 0.089912, Learning Rate: 0.000035
No improvement for 1 epochs. Best loss: 0.089529
Epoch 273/300, Average Loss: 0.089001, Learning Rate: 0.000032
New best model with loss: 0.089001
Epoch 274/300, Average Loss: 0.089728, Learning Rate: 0.000030
No improvement for 1 epochs. Best loss: 0.089001
Epoch 275/300, Average Loss: 0.089712, Learning Rate: 0.000028
No improvement for 2 epochs. Best loss: 0.089001
Epoch 276/300, Average Loss: 0.089689, Learning Rate: 0.000026
No improvement for 3 epochs. Best loss: 0.089001
Epoch 277/300, Average Loss: 0.091200, Learning Rate: 0.000024
No improvement for 4 epochs. Best loss: 0.089001
Epoch 278/300, Average Loss: 0.090098, Learning Rate: 0.000022
No improvement for 5 epochs. Best loss: 0.089001
Epoch 279/300, Average Loss: 0.089089, Learning Rate: 0.000020
No improvement for 6 epochs. Best loss: 0.089001
Epoch 280/300, Average Loss: 0.090178, Learning Rate: 0.000019
No improvement for 7 epochs. Best loss: 0.089001
Epoch 281/300, Average Loss: 0.090135, Learning Rate: 0.000017
No improvement for 8 epochs. Best loss: 0.089001
Epoch 282/300, Average Loss: 0.089711, Learning Rate: 0.000015
No improvement for 9 epochs. Best loss: 0.089001
Epoch 283/300, Average Loss: 0.088762, Learning Rate: 0.000014
New best model with loss: 0.088762
Epoch 284/300, Average Loss: 0.089771, Learning Rate: 0.000013
No improvement for 1 epochs. Best loss: 0.088762
Epoch 285/300, Average Loss: 0.090123, Learning Rate: 0.000011
No improvement for 2 epochs. Best loss: 0.088762
Epoch 286/300, Average Loss: 0.089427, Learning Rate: 0.000010
No improvement for 3 epochs. Best loss: 0.088762
Epoch 287/300, Average Loss: 0.089207, Learning Rate: 0.000009
No improvement for 4 epochs. Best loss: 0.088762
Epoch 288/300, Average Loss: 0.089255, Learning Rate: 0.000008
No improvement for 5 epochs. Best loss: 0.088762
Epoch 289/300, Average Loss: 0.089147, Learning Rate: 0.000007
No improvement for 6 epochs. Best loss: 0.088762
Epoch 290/300, Average Loss: 0.089149, Learning Rate: 0.000006
No improvement for 7 epochs. Best loss: 0.088762
Epoch 291/300, Average Loss: 0.090113, Learning Rate: 0.000005
No improvement for 8 epochs. Best loss: 0.088762
Epoch 292/300, Average Loss: 0.090229, Learning Rate: 0.000004
No improvement for 9 epochs. Best loss: 0.088762
Epoch 293/300, Average Loss: 0.089287, Learning Rate: 0.000004
No improvement for 10 epochs. Best loss: 0.088762
Epoch 294/300, Average Loss: 0.088160, Learning Rate: 0.000003
New best model with loss: 0.088160
Epoch 295/300, Average Loss: 0.090169, Learning Rate: 0.000003
No improvement for 1 epochs. Best loss: 0.088160
Epoch 296/300, Average Loss: 0.091228, Learning Rate: 0.000002
No improvement for 2 epochs. Best loss: 0.088160
Epoch 297/300, Average Loss: 0.091195, Learning Rate: 0.000002
No improvement for 3 epochs. Best loss: 0.088160
Epoch 298/300, Average Loss: 0.089983, Learning Rate: 0.000002
No improvement for 4 epochs. Best loss: 0.088160
/beegfs/HPCscratch/kreuer/CAMDA_25/generators/EmbeddedDiffusion/main.py:58: FutureWarning: Downcasting behavior in `replace` is deprecated and will be removed in a future version. To retain the old behavior, explicitly call `result.infer_objects(copy=False)`. To opt-in to the future behavior, set `pd.set_option('future.no_silent_downcasting', True)`
  self.y_train = y_train.replace(self.label_mapping).values
Epoch 299/300, Average Loss: 0.089863, Learning Rate: 0.000002
No improvement for 5 epochs. Best loss: 0.088160
Model saved to /beegfs/HPCscratch/kreuer/CAMDA_25/models/embedded_diffusion_4.pth
Generating 355 samples for label 0...
Generating 334 samples for label 1...
Generating 124 samples for label 3...
Generating 283 samples for label 5...
Generating 331 samples for label 6...
Generating 120 samples for label 7...
Generating 198 samples for label 8...
Generating 600 samples for label 4...
Generating 136 samples for label 4...
Generating 249 samples for label 2...
Generating 352 samples for label 9...
Generating 308 samples for label 10...
Generating 69 samples for label 11...
Synthetic data saved in /beegfs/HPCscratch/kreuer/CAMDA_25/data/TCGA-COMBINED/synthetic/embedded_diffusion/combined_4.
