/beegfs/HPCscratch/kreuer/CAMDA_25/generators/EmbeddedDiffusion/main.py:180: FutureWarning: Downcasting behavior in `replace` is deprecated and will be removed in a future version. To retain the old behavior, explicitly call `result.infer_objects(copy=False)`. To opt-in to the future behavior, set `pd.set_option('future.no_silent_downcasting', True)`
  y_numpy = y_train.replace(
embedded_diffusion
Using 8 groups for GroupNorm
Using 8 groups for GroupNorm
Applying SMOTE to balance the dataset...
Class distribution before SMOTE: Counter({4: 736, 0: 356, 9: 352, 1: 334, 6: 331, 10: 308, 5: 283, 2: 249, 8: 197, 3: 124, 7: 120, 11: 69})
Class distribution after SMOTE: Counter({0: 3000, 1: 3000, 2: 3000, 3: 3000, 4: 3000, 6: 3000, 7: 3000, 8: 3000, 9: 3000, 10: 3000, 5: 3000, 11: 3000})
Epoch 0/300, Average Loss: 1.069368, Learning Rate: 0.000040
New best model with loss: 1.069368
Epoch 1/300, Average Loss: 0.670761, Learning Rate: 0.000041
New best model with loss: 0.670761
Epoch 2/300, Average Loss: 0.328930, Learning Rate: 0.000043
New best model with loss: 0.328930
Epoch 3/300, Average Loss: 0.209973, Learning Rate: 0.000046
New best model with loss: 0.209973
Epoch 4/300, Average Loss: 0.176703, Learning Rate: 0.000050
New best model with loss: 0.176703
Epoch 5/300, Average Loss: 0.169807, Learning Rate: 0.000056
New best model with loss: 0.169807
Epoch 6/300, Average Loss: 0.169041, Learning Rate: 0.000063
New best model with loss: 0.169041
Epoch 7/300, Average Loss: 0.168847, Learning Rate: 0.000072
New best model with loss: 0.168847
Epoch 8/300, Average Loss: 0.168358, Learning Rate: 0.000081
New best model with loss: 0.168358
Epoch 9/300, Average Loss: 0.170405, Learning Rate: 0.000092
No improvement for 1 epochs. Best loss: 0.168358
Epoch 10/300, Average Loss: 0.169926, Learning Rate: 0.000104
No improvement for 2 epochs. Best loss: 0.168358
Epoch 11/300, Average Loss: 0.170140, Learning Rate: 0.000117
No improvement for 3 epochs. Best loss: 0.168358
Epoch 12/300, Average Loss: 0.169378, Learning Rate: 0.000132
No improvement for 4 epochs. Best loss: 0.168358
Epoch 13/300, Average Loss: 0.170862, Learning Rate: 0.000147
No improvement for 5 epochs. Best loss: 0.168358
Epoch 14/300, Average Loss: 0.170226, Learning Rate: 0.000163
No improvement for 6 epochs. Best loss: 0.168358
Epoch 15/300, Average Loss: 0.172770, Learning Rate: 0.000181
No improvement for 7 epochs. Best loss: 0.168358
Epoch 16/300, Average Loss: 0.171869, Learning Rate: 0.000199
No improvement for 8 epochs. Best loss: 0.168358
Epoch 17/300, Average Loss: 0.173175, Learning Rate: 0.000218
No improvement for 9 epochs. Best loss: 0.168358
Epoch 18/300, Average Loss: 0.173299, Learning Rate: 0.000238
No improvement for 10 epochs. Best loss: 0.168358
Epoch 19/300, Average Loss: 0.171528, Learning Rate: 0.000259
No improvement for 11 epochs. Best loss: 0.168358
Epoch 20/300, Average Loss: 0.169939, Learning Rate: 0.000280
No improvement for 12 epochs. Best loss: 0.168358
Epoch 21/300, Average Loss: 0.169998, Learning Rate: 0.000302
No improvement for 13 epochs. Best loss: 0.168358
Epoch 22/300, Average Loss: 0.168205, Learning Rate: 0.000325
New best model with loss: 0.168205
Epoch 23/300, Average Loss: 0.165034, Learning Rate: 0.000348
New best model with loss: 0.165034
Epoch 24/300, Average Loss: 0.164380, Learning Rate: 0.000372
New best model with loss: 0.164380
Epoch 25/300, Average Loss: 0.161159, Learning Rate: 0.000396
New best model with loss: 0.161159
Epoch 26/300, Average Loss: 0.156942, Learning Rate: 0.000420
New best model with loss: 0.156942
Epoch 27/300, Average Loss: 0.153684, Learning Rate: 0.000445
New best model with loss: 0.153684
Epoch 28/300, Average Loss: 0.151102, Learning Rate: 0.000470
New best model with loss: 0.151102
Epoch 29/300, Average Loss: 0.148869, Learning Rate: 0.000495
New best model with loss: 0.148869
Epoch 30/300, Average Loss: 0.148454, Learning Rate: 0.000520
New best model with loss: 0.148454
Epoch 31/300, Average Loss: 0.146010, Learning Rate: 0.000545
New best model with loss: 0.146010
Epoch 32/300, Average Loss: 0.143482, Learning Rate: 0.000570
New best model with loss: 0.143482
Epoch 33/300, Average Loss: 0.142913, Learning Rate: 0.000595
New best model with loss: 0.142913
Epoch 34/300, Average Loss: 0.142384, Learning Rate: 0.000620
New best model with loss: 0.142384
Epoch 35/300, Average Loss: 0.140962, Learning Rate: 0.000644
New best model with loss: 0.140962
Epoch 36/300, Average Loss: 0.139442, Learning Rate: 0.000668
New best model with loss: 0.139442
Epoch 37/300, Average Loss: 0.139935, Learning Rate: 0.000692
No improvement for 1 epochs. Best loss: 0.139442
Epoch 38/300, Average Loss: 0.136709, Learning Rate: 0.000715
New best model with loss: 0.136709
Epoch 39/300, Average Loss: 0.137919, Learning Rate: 0.000738
No improvement for 1 epochs. Best loss: 0.136709
Epoch 40/300, Average Loss: 0.135379, Learning Rate: 0.000760
New best model with loss: 0.135379
Epoch 41/300, Average Loss: 0.135871, Learning Rate: 0.000781
No improvement for 1 epochs. Best loss: 0.135379
Epoch 42/300, Average Loss: 0.134037, Learning Rate: 0.000802
New best model with loss: 0.134037
Epoch 43/300, Average Loss: 0.132695, Learning Rate: 0.000822
New best model with loss: 0.132695
Epoch 44/300, Average Loss: 0.134350, Learning Rate: 0.000841
No improvement for 1 epochs. Best loss: 0.132695
Epoch 45/300, Average Loss: 0.132867, Learning Rate: 0.000859
No improvement for 2 epochs. Best loss: 0.132695
Epoch 46/300, Average Loss: 0.132623, Learning Rate: 0.000877
No improvement for 3 epochs. Best loss: 0.132695
Epoch 47/300, Average Loss: 0.130007, Learning Rate: 0.000893
New best model with loss: 0.130007
Epoch 48/300, Average Loss: 0.132035, Learning Rate: 0.000908
No improvement for 1 epochs. Best loss: 0.130007
Epoch 49/300, Average Loss: 0.129371, Learning Rate: 0.000923
New best model with loss: 0.129371
Epoch 50/300, Average Loss: 0.129715, Learning Rate: 0.000936
No improvement for 1 epochs. Best loss: 0.129371
Epoch 51/300, Average Loss: 0.127666, Learning Rate: 0.000948
New best model with loss: 0.127666
Epoch 52/300, Average Loss: 0.126422, Learning Rate: 0.000959
New best model with loss: 0.126422
Epoch 53/300, Average Loss: 0.130037, Learning Rate: 0.000968
No improvement for 1 epochs. Best loss: 0.126422
Epoch 54/300, Average Loss: 0.127585, Learning Rate: 0.000977
No improvement for 2 epochs. Best loss: 0.126422
Epoch 55/300, Average Loss: 0.127490, Learning Rate: 0.000984
No improvement for 3 epochs. Best loss: 0.126422
Epoch 56/300, Average Loss: 0.124992, Learning Rate: 0.000990
New best model with loss: 0.124992
Epoch 57/300, Average Loss: 0.127231, Learning Rate: 0.000994
No improvement for 1 epochs. Best loss: 0.124992
Epoch 58/300, Average Loss: 0.124363, Learning Rate: 0.000997
New best model with loss: 0.124363
Epoch 59/300, Average Loss: 0.123054, Learning Rate: 0.000999
New best model with loss: 0.123054
Epoch 60/300, Average Loss: 0.125812, Learning Rate: 0.001000
No improvement for 1 epochs. Best loss: 0.123054
Epoch 61/300, Average Loss: 0.121612, Learning Rate: 0.001000
New best model with loss: 0.121612
Epoch 62/300, Average Loss: 0.121840, Learning Rate: 0.001000
No improvement for 1 epochs. Best loss: 0.121612
Epoch 63/300, Average Loss: 0.120549, Learning Rate: 0.001000
New best model with loss: 0.120549
Epoch 64/300, Average Loss: 0.120862, Learning Rate: 0.000999
No improvement for 1 epochs. Best loss: 0.120549
Epoch 65/300, Average Loss: 0.122840, Learning Rate: 0.000999
No improvement for 2 epochs. Best loss: 0.120549
Epoch 66/300, Average Loss: 0.120722, Learning Rate: 0.000998
No improvement for 3 epochs. Best loss: 0.120549
Epoch 67/300, Average Loss: 0.119922, Learning Rate: 0.000998
New best model with loss: 0.119922
Epoch 68/300, Average Loss: 0.121808, Learning Rate: 0.000997
No improvement for 1 epochs. Best loss: 0.119922
Epoch 69/300, Average Loss: 0.118124, Learning Rate: 0.000997
New best model with loss: 0.118124
Epoch 70/300, Average Loss: 0.118562, Learning Rate: 0.000996
No improvement for 1 epochs. Best loss: 0.118124
Epoch 71/300, Average Loss: 0.118656, Learning Rate: 0.000995
No improvement for 2 epochs. Best loss: 0.118124
Epoch 72/300, Average Loss: 0.119098, Learning Rate: 0.000994
No improvement for 3 epochs. Best loss: 0.118124
Epoch 73/300, Average Loss: 0.117193, Learning Rate: 0.000993
New best model with loss: 0.117193
Epoch 74/300, Average Loss: 0.117831, Learning Rate: 0.000992
No improvement for 1 epochs. Best loss: 0.117193
Epoch 75/300, Average Loss: 0.117755, Learning Rate: 0.000990
No improvement for 2 epochs. Best loss: 0.117193
Epoch 76/300, Average Loss: 0.117316, Learning Rate: 0.000989
No improvement for 3 epochs. Best loss: 0.117193
Epoch 77/300, Average Loss: 0.115266, Learning Rate: 0.000988
New best model with loss: 0.115266
Epoch 78/300, Average Loss: 0.117429, Learning Rate: 0.000986
No improvement for 1 epochs. Best loss: 0.115266
Epoch 79/300, Average Loss: 0.115286, Learning Rate: 0.000985
No improvement for 2 epochs. Best loss: 0.115266
Epoch 80/300, Average Loss: 0.116698, Learning Rate: 0.000983
No improvement for 3 epochs. Best loss: 0.115266
Epoch 81/300, Average Loss: 0.116148, Learning Rate: 0.000981
No improvement for 4 epochs. Best loss: 0.115266
Epoch 82/300, Average Loss: 0.115087, Learning Rate: 0.000979
New best model with loss: 0.115087
Epoch 83/300, Average Loss: 0.116318, Learning Rate: 0.000978
No improvement for 1 epochs. Best loss: 0.115087
Epoch 84/300, Average Loss: 0.114764, Learning Rate: 0.000976
New best model with loss: 0.114764
Epoch 85/300, Average Loss: 0.115903, Learning Rate: 0.000974
No improvement for 1 epochs. Best loss: 0.114764
Epoch 86/300, Average Loss: 0.114972, Learning Rate: 0.000971
No improvement for 2 epochs. Best loss: 0.114764
Epoch 87/300, Average Loss: 0.115057, Learning Rate: 0.000969
No improvement for 3 epochs. Best loss: 0.114764
Epoch 88/300, Average Loss: 0.116142, Learning Rate: 0.000967
No improvement for 4 epochs. Best loss: 0.114764
Epoch 89/300, Average Loss: 0.112332, Learning Rate: 0.000964
New best model with loss: 0.112332
Epoch 90/300, Average Loss: 0.112384, Learning Rate: 0.000962
No improvement for 1 epochs. Best loss: 0.112332
Epoch 91/300, Average Loss: 0.113488, Learning Rate: 0.000959
No improvement for 2 epochs. Best loss: 0.112332
Epoch 92/300, Average Loss: 0.113469, Learning Rate: 0.000957
No improvement for 3 epochs. Best loss: 0.112332
Epoch 93/300, Average Loss: 0.113409, Learning Rate: 0.000954
No improvement for 4 epochs. Best loss: 0.112332
Epoch 94/300, Average Loss: 0.115184, Learning Rate: 0.000951
No improvement for 5 epochs. Best loss: 0.112332
Epoch 95/300, Average Loss: 0.112839, Learning Rate: 0.000949
No improvement for 6 epochs. Best loss: 0.112332
Epoch 96/300, Average Loss: 0.113546, Learning Rate: 0.000946
No improvement for 7 epochs. Best loss: 0.112332
Epoch 97/300, Average Loss: 0.111161, Learning Rate: 0.000943
New best model with loss: 0.111161
Epoch 98/300, Average Loss: 0.113853, Learning Rate: 0.000940
No improvement for 1 epochs. Best loss: 0.111161
Epoch 99/300, Average Loss: 0.112531, Learning Rate: 0.000936
No improvement for 2 epochs. Best loss: 0.111161
Epoch 100/300, Average Loss: 0.112188, Learning Rate: 0.000933
No improvement for 3 epochs. Best loss: 0.111161
Epoch 101/300, Average Loss: 0.111054, Learning Rate: 0.000930
New best model with loss: 0.111054
Epoch 102/300, Average Loss: 0.111177, Learning Rate: 0.000926
No improvement for 1 epochs. Best loss: 0.111054
Epoch 103/300, Average Loss: 0.111731, Learning Rate: 0.000923
No improvement for 2 epochs. Best loss: 0.111054
Epoch 104/300, Average Loss: 0.112142, Learning Rate: 0.000919
No improvement for 3 epochs. Best loss: 0.111054
Epoch 105/300, Average Loss: 0.111841, Learning Rate: 0.000916
No improvement for 4 epochs. Best loss: 0.111054
Epoch 106/300, Average Loss: 0.112099, Learning Rate: 0.000912
No improvement for 5 epochs. Best loss: 0.111054
Epoch 107/300, Average Loss: 0.111472, Learning Rate: 0.000908
No improvement for 6 epochs. Best loss: 0.111054
Epoch 108/300, Average Loss: 0.109188, Learning Rate: 0.000905
New best model with loss: 0.109188
Epoch 109/300, Average Loss: 0.111634, Learning Rate: 0.000901
No improvement for 1 epochs. Best loss: 0.109188
Epoch 110/300, Average Loss: 0.109247, Learning Rate: 0.000897
No improvement for 2 epochs. Best loss: 0.109188
Epoch 111/300, Average Loss: 0.110178, Learning Rate: 0.000893
No improvement for 3 epochs. Best loss: 0.109188
Epoch 112/300, Average Loss: 0.109387, Learning Rate: 0.000889
No improvement for 4 epochs. Best loss: 0.109188
Epoch 113/300, Average Loss: 0.109462, Learning Rate: 0.000885
No improvement for 5 epochs. Best loss: 0.109188
Epoch 114/300, Average Loss: 0.108965, Learning Rate: 0.000880
New best model with loss: 0.108965
Epoch 115/300, Average Loss: 0.108869, Learning Rate: 0.000876
No improvement for 1 epochs. Best loss: 0.108965
Epoch 116/300, Average Loss: 0.110025, Learning Rate: 0.000872
No improvement for 2 epochs. Best loss: 0.108965
Epoch 117/300, Average Loss: 0.108967, Learning Rate: 0.000867
No improvement for 3 epochs. Best loss: 0.108965
Epoch 118/300, Average Loss: 0.109084, Learning Rate: 0.000863
No improvement for 4 epochs. Best loss: 0.108965
Epoch 119/300, Average Loss: 0.108725, Learning Rate: 0.000858
New best model with loss: 0.108725
Epoch 120/300, Average Loss: 0.106702, Learning Rate: 0.000854
New best model with loss: 0.106702
Epoch 121/300, Average Loss: 0.109985, Learning Rate: 0.000849
No improvement for 1 epochs. Best loss: 0.106702
Epoch 122/300, Average Loss: 0.108600, Learning Rate: 0.000844
No improvement for 2 epochs. Best loss: 0.106702
Epoch 123/300, Average Loss: 0.108820, Learning Rate: 0.000840
No improvement for 3 epochs. Best loss: 0.106702
Epoch 124/300, Average Loss: 0.109302, Learning Rate: 0.000835
No improvement for 4 epochs. Best loss: 0.106702
Epoch 125/300, Average Loss: 0.108114, Learning Rate: 0.000830
No improvement for 5 epochs. Best loss: 0.106702
Epoch 126/300, Average Loss: 0.107281, Learning Rate: 0.000825
No improvement for 6 epochs. Best loss: 0.106702
Epoch 127/300, Average Loss: 0.107976, Learning Rate: 0.000820
No improvement for 7 epochs. Best loss: 0.106702
Epoch 128/300, Average Loss: 0.107432, Learning Rate: 0.000815
No improvement for 8 epochs. Best loss: 0.106702
Epoch 129/300, Average Loss: 0.106460, Learning Rate: 0.000810
New best model with loss: 0.106460
Epoch 130/300, Average Loss: 0.106905, Learning Rate: 0.000805
No improvement for 1 epochs. Best loss: 0.106460
Epoch 131/300, Average Loss: 0.107083, Learning Rate: 0.000799
No improvement for 2 epochs. Best loss: 0.106460
Epoch 132/300, Average Loss: 0.106104, Learning Rate: 0.000794
New best model with loss: 0.106104
Epoch 133/300, Average Loss: 0.104582, Learning Rate: 0.000789
New best model with loss: 0.104582
Epoch 134/300, Average Loss: 0.107684, Learning Rate: 0.000784
No improvement for 1 epochs. Best loss: 0.104582
Epoch 135/300, Average Loss: 0.107701, Learning Rate: 0.000778
No improvement for 2 epochs. Best loss: 0.104582
Epoch 136/300, Average Loss: 0.105817, Learning Rate: 0.000773
No improvement for 3 epochs. Best loss: 0.104582
Epoch 137/300, Average Loss: 0.105666, Learning Rate: 0.000767
No improvement for 4 epochs. Best loss: 0.104582
Epoch 138/300, Average Loss: 0.104872, Learning Rate: 0.000762
No improvement for 5 epochs. Best loss: 0.104582
Epoch 139/300, Average Loss: 0.105281, Learning Rate: 0.000756
No improvement for 6 epochs. Best loss: 0.104582
Epoch 140/300, Average Loss: 0.105190, Learning Rate: 0.000750
No improvement for 7 epochs. Best loss: 0.104582
Epoch 141/300, Average Loss: 0.106063, Learning Rate: 0.000745
No improvement for 8 epochs. Best loss: 0.104582
Epoch 142/300, Average Loss: 0.106143, Learning Rate: 0.000739
No improvement for 9 epochs. Best loss: 0.104582
Epoch 143/300, Average Loss: 0.105480, Learning Rate: 0.000733
No improvement for 10 epochs. Best loss: 0.104582
Epoch 144/300, Average Loss: 0.104749, Learning Rate: 0.000727
No improvement for 11 epochs. Best loss: 0.104582
Epoch 145/300, Average Loss: 0.105060, Learning Rate: 0.000722
No improvement for 12 epochs. Best loss: 0.104582
Epoch 146/300, Average Loss: 0.106198, Learning Rate: 0.000716
No improvement for 13 epochs. Best loss: 0.104582
Epoch 147/300, Average Loss: 0.104202, Learning Rate: 0.000710
New best model with loss: 0.104202
Epoch 148/300, Average Loss: 0.103756, Learning Rate: 0.000704
New best model with loss: 0.103756
Epoch 149/300, Average Loss: 0.104319, Learning Rate: 0.000698
No improvement for 1 epochs. Best loss: 0.103756
Epoch 150/300, Average Loss: 0.105041, Learning Rate: 0.000692
No improvement for 2 epochs. Best loss: 0.103756
Epoch 151/300, Average Loss: 0.103093, Learning Rate: 0.000686
New best model with loss: 0.103093
Epoch 152/300, Average Loss: 0.106145, Learning Rate: 0.000680
No improvement for 1 epochs. Best loss: 0.103093
Epoch 153/300, Average Loss: 0.103271, Learning Rate: 0.000674
No improvement for 2 epochs. Best loss: 0.103093
Epoch 154/300, Average Loss: 0.104219, Learning Rate: 0.000667
No improvement for 3 epochs. Best loss: 0.103093
Epoch 155/300, Average Loss: 0.102088, Learning Rate: 0.000661
New best model with loss: 0.102088
Epoch 156/300, Average Loss: 0.104671, Learning Rate: 0.000655
No improvement for 1 epochs. Best loss: 0.102088
Epoch 157/300, Average Loss: 0.101752, Learning Rate: 0.000649
New best model with loss: 0.101752
Epoch 158/300, Average Loss: 0.102339, Learning Rate: 0.000643
No improvement for 1 epochs. Best loss: 0.101752
Epoch 159/300, Average Loss: 0.102550, Learning Rate: 0.000636
No improvement for 2 epochs. Best loss: 0.101752
Epoch 160/300, Average Loss: 0.103370, Learning Rate: 0.000630
No improvement for 3 epochs. Best loss: 0.101752
Epoch 161/300, Average Loss: 0.103697, Learning Rate: 0.000624
No improvement for 4 epochs. Best loss: 0.101752
Epoch 162/300, Average Loss: 0.103602, Learning Rate: 0.000617
No improvement for 5 epochs. Best loss: 0.101752
Epoch 163/300, Average Loss: 0.103234, Learning Rate: 0.000611
No improvement for 6 epochs. Best loss: 0.101752
Epoch 164/300, Average Loss: 0.102377, Learning Rate: 0.000605
No improvement for 7 epochs. Best loss: 0.101752
Epoch 165/300, Average Loss: 0.102579, Learning Rate: 0.000598
No improvement for 8 epochs. Best loss: 0.101752
Epoch 166/300, Average Loss: 0.103159, Learning Rate: 0.000592
No improvement for 9 epochs. Best loss: 0.101752
Epoch 167/300, Average Loss: 0.101856, Learning Rate: 0.000585
No improvement for 10 epochs. Best loss: 0.101752
Epoch 168/300, Average Loss: 0.101608, Learning Rate: 0.000579
New best model with loss: 0.101608
Epoch 169/300, Average Loss: 0.102367, Learning Rate: 0.000572
No improvement for 1 epochs. Best loss: 0.101608
Epoch 170/300, Average Loss: 0.101564, Learning Rate: 0.000566
No improvement for 2 epochs. Best loss: 0.101608
Epoch 171/300, Average Loss: 0.100737, Learning Rate: 0.000559
New best model with loss: 0.100737
Epoch 172/300, Average Loss: 0.101880, Learning Rate: 0.000553
No improvement for 1 epochs. Best loss: 0.100737
Epoch 173/300, Average Loss: 0.099710, Learning Rate: 0.000546
New best model with loss: 0.099710
Epoch 174/300, Average Loss: 0.100020, Learning Rate: 0.000540
No improvement for 1 epochs. Best loss: 0.099710
Epoch 175/300, Average Loss: 0.100124, Learning Rate: 0.000533
No improvement for 2 epochs. Best loss: 0.099710
Epoch 176/300, Average Loss: 0.100032, Learning Rate: 0.000527
No improvement for 3 epochs. Best loss: 0.099710
Epoch 177/300, Average Loss: 0.102537, Learning Rate: 0.000520
No improvement for 4 epochs. Best loss: 0.099710
Epoch 178/300, Average Loss: 0.099714, Learning Rate: 0.000514
No improvement for 5 epochs. Best loss: 0.099710
Epoch 179/300, Average Loss: 0.101401, Learning Rate: 0.000507
No improvement for 6 epochs. Best loss: 0.099710
Epoch 180/300, Average Loss: 0.101108, Learning Rate: 0.000501
No improvement for 7 epochs. Best loss: 0.099710
Epoch 181/300, Average Loss: 0.100442, Learning Rate: 0.000494
No improvement for 8 epochs. Best loss: 0.099710
Epoch 182/300, Average Loss: 0.101154, Learning Rate: 0.000488
No improvement for 9 epochs. Best loss: 0.099710
Epoch 183/300, Average Loss: 0.098288, Learning Rate: 0.000481
New best model with loss: 0.098288
Epoch 184/300, Average Loss: 0.099475, Learning Rate: 0.000475
No improvement for 1 epochs. Best loss: 0.098288
Epoch 185/300, Average Loss: 0.099165, Learning Rate: 0.000468
No improvement for 2 epochs. Best loss: 0.098288
Epoch 186/300, Average Loss: 0.098334, Learning Rate: 0.000462
No improvement for 3 epochs. Best loss: 0.098288
Epoch 187/300, Average Loss: 0.099855, Learning Rate: 0.000455
No improvement for 4 epochs. Best loss: 0.098288
Epoch 188/300, Average Loss: 0.098367, Learning Rate: 0.000449
No improvement for 5 epochs. Best loss: 0.098288
Epoch 189/300, Average Loss: 0.100294, Learning Rate: 0.000442
No improvement for 6 epochs. Best loss: 0.098288
Epoch 190/300, Average Loss: 0.098889, Learning Rate: 0.000436
No improvement for 7 epochs. Best loss: 0.098288
Epoch 191/300, Average Loss: 0.099278, Learning Rate: 0.000429
No improvement for 8 epochs. Best loss: 0.098288
Epoch 192/300, Average Loss: 0.098839, Learning Rate: 0.000423
No improvement for 9 epochs. Best loss: 0.098288
Epoch 193/300, Average Loss: 0.098265, Learning Rate: 0.000416
No improvement for 10 epochs. Best loss: 0.098288
Epoch 194/300, Average Loss: 0.098440, Learning Rate: 0.000410
No improvement for 11 epochs. Best loss: 0.098288
Epoch 195/300, Average Loss: 0.101105, Learning Rate: 0.000403
No improvement for 12 epochs. Best loss: 0.098288
Epoch 196/300, Average Loss: 0.097030, Learning Rate: 0.000397
New best model with loss: 0.097030
Epoch 197/300, Average Loss: 0.099443, Learning Rate: 0.000391
No improvement for 1 epochs. Best loss: 0.097030
Epoch 198/300, Average Loss: 0.097356, Learning Rate: 0.000384
No improvement for 2 epochs. Best loss: 0.097030
Epoch 199/300, Average Loss: 0.097138, Learning Rate: 0.000378
No improvement for 3 epochs. Best loss: 0.097030
Epoch 200/300, Average Loss: 0.097702, Learning Rate: 0.000372
No improvement for 4 epochs. Best loss: 0.097030
Epoch 201/300, Average Loss: 0.097936, Learning Rate: 0.000365
No improvement for 5 epochs. Best loss: 0.097030
Epoch 202/300, Average Loss: 0.095506, Learning Rate: 0.000359
New best model with loss: 0.095506
Epoch 203/300, Average Loss: 0.097302, Learning Rate: 0.000353
No improvement for 1 epochs. Best loss: 0.095506
Epoch 204/300, Average Loss: 0.098098, Learning Rate: 0.000347
No improvement for 2 epochs. Best loss: 0.095506
Epoch 205/300, Average Loss: 0.096372, Learning Rate: 0.000340
No improvement for 3 epochs. Best loss: 0.095506
Epoch 206/300, Average Loss: 0.096884, Learning Rate: 0.000334
No improvement for 4 epochs. Best loss: 0.095506
Epoch 207/300, Average Loss: 0.098543, Learning Rate: 0.000328
No improvement for 5 epochs. Best loss: 0.095506
Epoch 208/300, Average Loss: 0.096418, Learning Rate: 0.000322
No improvement for 6 epochs. Best loss: 0.095506
Epoch 209/300, Average Loss: 0.096600, Learning Rate: 0.000316
No improvement for 7 epochs. Best loss: 0.095506
Epoch 210/300, Average Loss: 0.096545, Learning Rate: 0.000310
No improvement for 8 epochs. Best loss: 0.095506
Epoch 211/300, Average Loss: 0.098489, Learning Rate: 0.000304
No improvement for 9 epochs. Best loss: 0.095506
Epoch 212/300, Average Loss: 0.097615, Learning Rate: 0.000298
No improvement for 10 epochs. Best loss: 0.095506
Epoch 213/300, Average Loss: 0.097022, Learning Rate: 0.000292
No improvement for 11 epochs. Best loss: 0.095506
Epoch 214/300, Average Loss: 0.096499, Learning Rate: 0.000286
No improvement for 12 epochs. Best loss: 0.095506
Epoch 215/300, Average Loss: 0.095806, Learning Rate: 0.000280
No improvement for 13 epochs. Best loss: 0.095506
Epoch 216/300, Average Loss: 0.097353, Learning Rate: 0.000274
No improvement for 14 epochs. Best loss: 0.095506
Epoch 217/300, Average Loss: 0.097554, Learning Rate: 0.000268
No improvement for 15 epochs. Best loss: 0.095506
Epoch 218/300, Average Loss: 0.095460, Learning Rate: 0.000263
No improvement for 16 epochs. Best loss: 0.095506
Epoch 219/300, Average Loss: 0.095579, Learning Rate: 0.000257
No improvement for 17 epochs. Best loss: 0.095506
Epoch 220/300, Average Loss: 0.094863, Learning Rate: 0.000251
New best model with loss: 0.094863
Epoch 221/300, Average Loss: 0.095087, Learning Rate: 0.000246
No improvement for 1 epochs. Best loss: 0.094863
Epoch 222/300, Average Loss: 0.094899, Learning Rate: 0.000240
No improvement for 2 epochs. Best loss: 0.094863
Epoch 223/300, Average Loss: 0.095574, Learning Rate: 0.000234
No improvement for 3 epochs. Best loss: 0.094863
Epoch 224/300, Average Loss: 0.095178, Learning Rate: 0.000229
No improvement for 4 epochs. Best loss: 0.094863
Epoch 225/300, Average Loss: 0.095012, Learning Rate: 0.000223
No improvement for 5 epochs. Best loss: 0.094863
Epoch 226/300, Average Loss: 0.095900, Learning Rate: 0.000218
No improvement for 6 epochs. Best loss: 0.094863
Epoch 227/300, Average Loss: 0.095992, Learning Rate: 0.000213
No improvement for 7 epochs. Best loss: 0.094863
Epoch 228/300, Average Loss: 0.095399, Learning Rate: 0.000207
No improvement for 8 epochs. Best loss: 0.094863
Epoch 229/300, Average Loss: 0.095382, Learning Rate: 0.000202
No improvement for 9 epochs. Best loss: 0.094863
Epoch 230/300, Average Loss: 0.095214, Learning Rate: 0.000197
No improvement for 10 epochs. Best loss: 0.094863
Epoch 231/300, Average Loss: 0.094601, Learning Rate: 0.000192
New best model with loss: 0.094601
Epoch 232/300, Average Loss: 0.096688, Learning Rate: 0.000187
No improvement for 1 epochs. Best loss: 0.094601
Epoch 233/300, Average Loss: 0.093445, Learning Rate: 0.000182
New best model with loss: 0.093445
Epoch 234/300, Average Loss: 0.093925, Learning Rate: 0.000177
No improvement for 1 epochs. Best loss: 0.093445
Epoch 235/300, Average Loss: 0.094917, Learning Rate: 0.000172
No improvement for 2 epochs. Best loss: 0.093445
Epoch 236/300, Average Loss: 0.095139, Learning Rate: 0.000167
No improvement for 3 epochs. Best loss: 0.093445
Epoch 237/300, Average Loss: 0.094747, Learning Rate: 0.000162
No improvement for 4 epochs. Best loss: 0.093445
Epoch 238/300, Average Loss: 0.093774, Learning Rate: 0.000157
No improvement for 5 epochs. Best loss: 0.093445
Epoch 239/300, Average Loss: 0.093841, Learning Rate: 0.000152
No improvement for 6 epochs. Best loss: 0.093445
Epoch 240/300, Average Loss: 0.092417, Learning Rate: 0.000148
New best model with loss: 0.092417
Epoch 241/300, Average Loss: 0.093428, Learning Rate: 0.000143
No improvement for 1 epochs. Best loss: 0.092417
Epoch 242/300, Average Loss: 0.093708, Learning Rate: 0.000139
No improvement for 2 epochs. Best loss: 0.092417
Epoch 243/300, Average Loss: 0.093769, Learning Rate: 0.000134
No improvement for 3 epochs. Best loss: 0.092417
Epoch 244/300, Average Loss: 0.093798, Learning Rate: 0.000130
No improvement for 4 epochs. Best loss: 0.092417
Epoch 245/300, Average Loss: 0.092981, Learning Rate: 0.000125
No improvement for 5 epochs. Best loss: 0.092417
Epoch 246/300, Average Loss: 0.092585, Learning Rate: 0.000121
No improvement for 6 epochs. Best loss: 0.092417
Epoch 247/300, Average Loss: 0.094469, Learning Rate: 0.000117
No improvement for 7 epochs. Best loss: 0.092417
Epoch 248/300, Average Loss: 0.094067, Learning Rate: 0.000113
No improvement for 8 epochs. Best loss: 0.092417
Epoch 249/300, Average Loss: 0.093324, Learning Rate: 0.000109
No improvement for 9 epochs. Best loss: 0.092417
Epoch 250/300, Average Loss: 0.093053, Learning Rate: 0.000105
No improvement for 10 epochs. Best loss: 0.092417
Epoch 251/300, Average Loss: 0.092968, Learning Rate: 0.000101
No improvement for 11 epochs. Best loss: 0.092417
Epoch 252/300, Average Loss: 0.094408, Learning Rate: 0.000097
No improvement for 12 epochs. Best loss: 0.092417
Epoch 253/300, Average Loss: 0.093875, Learning Rate: 0.000093
No improvement for 13 epochs. Best loss: 0.092417
Epoch 254/300, Average Loss: 0.091221, Learning Rate: 0.000089
New best model with loss: 0.091221
Epoch 255/300, Average Loss: 0.093567, Learning Rate: 0.000086
No improvement for 1 epochs. Best loss: 0.091221
Epoch 256/300, Average Loss: 0.093568, Learning Rate: 0.000082
No improvement for 2 epochs. Best loss: 0.091221
Epoch 257/300, Average Loss: 0.092903, Learning Rate: 0.000079
No improvement for 3 epochs. Best loss: 0.091221
Epoch 258/300, Average Loss: 0.091455, Learning Rate: 0.000075
No improvement for 4 epochs. Best loss: 0.091221
Epoch 259/300, Average Loss: 0.093009, Learning Rate: 0.000072
No improvement for 5 epochs. Best loss: 0.091221
Epoch 260/300, Average Loss: 0.092191, Learning Rate: 0.000068
No improvement for 6 epochs. Best loss: 0.091221
Epoch 261/300, Average Loss: 0.093240, Learning Rate: 0.000065
No improvement for 7 epochs. Best loss: 0.091221
Epoch 262/300, Average Loss: 0.094170, Learning Rate: 0.000062
No improvement for 8 epochs. Best loss: 0.091221
Epoch 263/300, Average Loss: 0.091819, Learning Rate: 0.000059
No improvement for 9 epochs. Best loss: 0.091221
Epoch 264/300, Average Loss: 0.093128, Learning Rate: 0.000056
No improvement for 10 epochs. Best loss: 0.091221
Epoch 265/300, Average Loss: 0.091878, Learning Rate: 0.000053
No improvement for 11 epochs. Best loss: 0.091221
Epoch 266/300, Average Loss: 0.092354, Learning Rate: 0.000050
No improvement for 12 epochs. Best loss: 0.091221
Epoch 267/300, Average Loss: 0.092579, Learning Rate: 0.000047
No improvement for 13 epochs. Best loss: 0.091221
Epoch 268/300, Average Loss: 0.091882, Learning Rate: 0.000045
No improvement for 14 epochs. Best loss: 0.091221
Epoch 269/300, Average Loss: 0.092710, Learning Rate: 0.000042
No improvement for 15 epochs. Best loss: 0.091221
Epoch 270/300, Average Loss: 0.093626, Learning Rate: 0.000040
No improvement for 16 epochs. Best loss: 0.091221
Epoch 271/300, Average Loss: 0.092323, Learning Rate: 0.000037
No improvement for 17 epochs. Best loss: 0.091221
Epoch 272/300, Average Loss: 0.092686, Learning Rate: 0.000035
No improvement for 18 epochs. Best loss: 0.091221
Epoch 273/300, Average Loss: 0.092824, Learning Rate: 0.000032
No improvement for 19 epochs. Best loss: 0.091221
Epoch 274/300, Average Loss: 0.092085, Learning Rate: 0.000030
No improvement for 20 epochs. Best loss: 0.091221
Epoch 275/300, Average Loss: 0.092170, Learning Rate: 0.000028
No improvement for 21 epochs. Best loss: 0.091221
Epoch 276/300, Average Loss: 0.092028, Learning Rate: 0.000026
No improvement for 22 epochs. Best loss: 0.091221
Epoch 277/300, Average Loss: 0.092393, Learning Rate: 0.000024
No improvement for 23 epochs. Best loss: 0.091221
Epoch 278/300, Average Loss: 0.093746, Learning Rate: 0.000022
No improvement for 24 epochs. Best loss: 0.091221
Epoch 279/300, Average Loss: 0.092812, Learning Rate: 0.000020
No improvement for 25 epochs. Best loss: 0.091221
Epoch 280/300, Average Loss: 0.092699, Learning Rate: 0.000019
No improvement for 26 epochs. Best loss: 0.091221
Epoch 281/300, Average Loss: 0.091647, Learning Rate: 0.000017
No improvement for 27 epochs. Best loss: 0.091221
Epoch 282/300, Average Loss: 0.091636, Learning Rate: 0.000015
No improvement for 28 epochs. Best loss: 0.091221
Epoch 283/300, Average Loss: 0.091731, Learning Rate: 0.000014
No improvement for 29 epochs. Best loss: 0.091221
/beegfs/HPCscratch/kreuer/CAMDA_25/generators/EmbeddedDiffusion/main.py:58: FutureWarning: Downcasting behavior in `replace` is deprecated and will be removed in a future version. To retain the old behavior, explicitly call `result.infer_objects(copy=False)`. To opt-in to the future behavior, set `pd.set_option('future.no_silent_downcasting', True)`
  self.y_train = y_train.replace(self.label_mapping).values
Epoch 284/300, Average Loss: 0.091920, Learning Rate: 0.000013
No improvement for 30 epochs. Best loss: 0.091221
Early stopping triggered after 285 epochs
Model saved to /beegfs/HPCscratch/kreuer/CAMDA_25/models/embedded_diffusion_5.pth
Generating 356 samples for label 0...
Generating 334 samples for label 1...
Generating 249 samples for label 2...
Generating 124 samples for label 3...
Generating 600 samples for label 4...
Generating 136 samples for label 4...
Generating 331 samples for label 6...
Generating 120 samples for label 7...
Generating 197 samples for label 8...
Generating 352 samples for label 9...
Generating 308 samples for label 10...
Generating 283 samples for label 5...
Generating 69 samples for label 11...
Synthetic data saved in /beegfs/HPCscratch/kreuer/CAMDA_25/data/TCGA-COMBINED/synthetic/embedded_diffusion/combined_5.
