/beegfs/HPCscratch/kreuer/CAMDA_25/generators/EmbeddedDiffusion/main.py:180: FutureWarning: Downcasting behavior in `replace` is deprecated and will be removed in a future version. To retain the old behavior, explicitly call `result.infer_objects(copy=False)`. To opt-in to the future behavior, set `pd.set_option('future.no_silent_downcasting', True)`
  y_numpy = y_train.replace(
embedded_diffusion
Using 8 groups for GroupNorm
Using 8 groups for GroupNorm
Applying SMOTE to balance the dataset...
Class distribution before SMOTE: Counter({4: 736, 0: 356, 6: 344, 9: 340, 1: 333, 10: 308, 5: 282, 2: 250, 8: 197, 3: 124, 7: 120, 11: 68})
Class distribution after SMOTE: Counter({2: 3000, 4: 3000, 5: 3000, 0: 3000, 6: 3000, 7: 3000, 9: 3000, 8: 3000, 10: 3000, 1: 3000, 3: 3000, 11: 3000})
Epoch 0/300, Average Loss: 1.077136, Learning Rate: 0.000040
New best model with loss: 1.077136
Epoch 1/300, Average Loss: 0.681052, Learning Rate: 0.000041
New best model with loss: 0.681052
Epoch 2/300, Average Loss: 0.332218, Learning Rate: 0.000043
New best model with loss: 0.332218
Epoch 3/300, Average Loss: 0.212505, Learning Rate: 0.000046
New best model with loss: 0.212505
Epoch 4/300, Average Loss: 0.180562, Learning Rate: 0.000050
New best model with loss: 0.180562
Epoch 5/300, Average Loss: 0.169241, Learning Rate: 0.000056
New best model with loss: 0.169241
Epoch 6/300, Average Loss: 0.168735, Learning Rate: 0.000063
New best model with loss: 0.168735
Epoch 7/300, Average Loss: 0.166874, Learning Rate: 0.000072
New best model with loss: 0.166874
Epoch 8/300, Average Loss: 0.171497, Learning Rate: 0.000081
No improvement for 1 epochs. Best loss: 0.166874
Epoch 9/300, Average Loss: 0.167602, Learning Rate: 0.000092
No improvement for 2 epochs. Best loss: 0.166874
Epoch 10/300, Average Loss: 0.170059, Learning Rate: 0.000104
No improvement for 3 epochs. Best loss: 0.166874
Epoch 11/300, Average Loss: 0.169022, Learning Rate: 0.000117
No improvement for 4 epochs. Best loss: 0.166874
Epoch 12/300, Average Loss: 0.170975, Learning Rate: 0.000132
No improvement for 5 epochs. Best loss: 0.166874
Epoch 13/300, Average Loss: 0.169405, Learning Rate: 0.000147
No improvement for 6 epochs. Best loss: 0.166874
Epoch 14/300, Average Loss: 0.172259, Learning Rate: 0.000163
No improvement for 7 epochs. Best loss: 0.166874
Epoch 15/300, Average Loss: 0.170890, Learning Rate: 0.000181
No improvement for 8 epochs. Best loss: 0.166874
Epoch 16/300, Average Loss: 0.171959, Learning Rate: 0.000199
No improvement for 9 epochs. Best loss: 0.166874
Epoch 17/300, Average Loss: 0.171172, Learning Rate: 0.000218
No improvement for 10 epochs. Best loss: 0.166874
Epoch 18/300, Average Loss: 0.172205, Learning Rate: 0.000238
No improvement for 11 epochs. Best loss: 0.166874
Epoch 19/300, Average Loss: 0.173132, Learning Rate: 0.000259
No improvement for 12 epochs. Best loss: 0.166874
Epoch 20/300, Average Loss: 0.170886, Learning Rate: 0.000280
No improvement for 13 epochs. Best loss: 0.166874
Epoch 21/300, Average Loss: 0.172868, Learning Rate: 0.000302
No improvement for 14 epochs. Best loss: 0.166874
Epoch 22/300, Average Loss: 0.171066, Learning Rate: 0.000325
No improvement for 15 epochs. Best loss: 0.166874
Epoch 23/300, Average Loss: 0.164887, Learning Rate: 0.000348
New best model with loss: 0.164887
Epoch 24/300, Average Loss: 0.165581, Learning Rate: 0.000372
No improvement for 1 epochs. Best loss: 0.164887
Epoch 25/300, Average Loss: 0.161682, Learning Rate: 0.000396
New best model with loss: 0.161682
Epoch 26/300, Average Loss: 0.161604, Learning Rate: 0.000420
No improvement for 1 epochs. Best loss: 0.161682
Epoch 27/300, Average Loss: 0.156916, Learning Rate: 0.000445
New best model with loss: 0.156916
Epoch 28/300, Average Loss: 0.155162, Learning Rate: 0.000470
New best model with loss: 0.155162
Epoch 29/300, Average Loss: 0.152664, Learning Rate: 0.000495
New best model with loss: 0.152664
Epoch 30/300, Average Loss: 0.150907, Learning Rate: 0.000520
New best model with loss: 0.150907
Epoch 31/300, Average Loss: 0.147996, Learning Rate: 0.000545
New best model with loss: 0.147996
Epoch 32/300, Average Loss: 0.145196, Learning Rate: 0.000570
New best model with loss: 0.145196
Epoch 33/300, Average Loss: 0.145458, Learning Rate: 0.000595
No improvement for 1 epochs. Best loss: 0.145196
Epoch 34/300, Average Loss: 0.143721, Learning Rate: 0.000620
New best model with loss: 0.143721
Epoch 35/300, Average Loss: 0.143532, Learning Rate: 0.000644
New best model with loss: 0.143532
Epoch 36/300, Average Loss: 0.140593, Learning Rate: 0.000668
New best model with loss: 0.140593
Epoch 37/300, Average Loss: 0.139313, Learning Rate: 0.000692
New best model with loss: 0.139313
Epoch 38/300, Average Loss: 0.140283, Learning Rate: 0.000715
No improvement for 1 epochs. Best loss: 0.139313
Epoch 39/300, Average Loss: 0.140609, Learning Rate: 0.000738
No improvement for 2 epochs. Best loss: 0.139313
Epoch 40/300, Average Loss: 0.137605, Learning Rate: 0.000760
New best model with loss: 0.137605
Epoch 41/300, Average Loss: 0.136456, Learning Rate: 0.000781
New best model with loss: 0.136456
Epoch 42/300, Average Loss: 0.135620, Learning Rate: 0.000802
New best model with loss: 0.135620
Epoch 43/300, Average Loss: 0.134011, Learning Rate: 0.000822
New best model with loss: 0.134011
Epoch 44/300, Average Loss: 0.135098, Learning Rate: 0.000841
No improvement for 1 epochs. Best loss: 0.134011
Epoch 45/300, Average Loss: 0.134507, Learning Rate: 0.000859
No improvement for 2 epochs. Best loss: 0.134011
Epoch 46/300, Average Loss: 0.131210, Learning Rate: 0.000877
New best model with loss: 0.131210
Epoch 47/300, Average Loss: 0.131364, Learning Rate: 0.000893
No improvement for 1 epochs. Best loss: 0.131210
Epoch 48/300, Average Loss: 0.130126, Learning Rate: 0.000908
New best model with loss: 0.130126
Epoch 49/300, Average Loss: 0.130740, Learning Rate: 0.000923
No improvement for 1 epochs. Best loss: 0.130126
Epoch 50/300, Average Loss: 0.129871, Learning Rate: 0.000936
New best model with loss: 0.129871
Epoch 51/300, Average Loss: 0.130209, Learning Rate: 0.000948
No improvement for 1 epochs. Best loss: 0.129871
Epoch 52/300, Average Loss: 0.127231, Learning Rate: 0.000959
New best model with loss: 0.127231
Epoch 53/300, Average Loss: 0.126949, Learning Rate: 0.000968
New best model with loss: 0.126949
Epoch 54/300, Average Loss: 0.127952, Learning Rate: 0.000977
No improvement for 1 epochs. Best loss: 0.126949
Epoch 55/300, Average Loss: 0.124518, Learning Rate: 0.000984
New best model with loss: 0.124518
Epoch 56/300, Average Loss: 0.125697, Learning Rate: 0.000990
No improvement for 1 epochs. Best loss: 0.124518
Epoch 57/300, Average Loss: 0.125680, Learning Rate: 0.000994
No improvement for 2 epochs. Best loss: 0.124518
Epoch 58/300, Average Loss: 0.124562, Learning Rate: 0.000997
No improvement for 3 epochs. Best loss: 0.124518
Epoch 59/300, Average Loss: 0.124616, Learning Rate: 0.000999
No improvement for 4 epochs. Best loss: 0.124518
Epoch 60/300, Average Loss: 0.123782, Learning Rate: 0.001000
New best model with loss: 0.123782
Epoch 61/300, Average Loss: 0.123156, Learning Rate: 0.001000
New best model with loss: 0.123156
Epoch 62/300, Average Loss: 0.121543, Learning Rate: 0.001000
New best model with loss: 0.121543
Epoch 63/300, Average Loss: 0.119903, Learning Rate: 0.001000
New best model with loss: 0.119903
Epoch 64/300, Average Loss: 0.119955, Learning Rate: 0.000999
No improvement for 1 epochs. Best loss: 0.119903
Epoch 65/300, Average Loss: 0.121939, Learning Rate: 0.000999
No improvement for 2 epochs. Best loss: 0.119903
Epoch 66/300, Average Loss: 0.120076, Learning Rate: 0.000998
No improvement for 3 epochs. Best loss: 0.119903
Epoch 67/300, Average Loss: 0.117689, Learning Rate: 0.000998
New best model with loss: 0.117689
Epoch 68/300, Average Loss: 0.120257, Learning Rate: 0.000997
No improvement for 1 epochs. Best loss: 0.117689
Epoch 69/300, Average Loss: 0.119293, Learning Rate: 0.000997
No improvement for 2 epochs. Best loss: 0.117689
Epoch 70/300, Average Loss: 0.119315, Learning Rate: 0.000996
No improvement for 3 epochs. Best loss: 0.117689
Epoch 71/300, Average Loss: 0.119751, Learning Rate: 0.000995
No improvement for 4 epochs. Best loss: 0.117689
Epoch 72/300, Average Loss: 0.116362, Learning Rate: 0.000994
New best model with loss: 0.116362
Epoch 73/300, Average Loss: 0.116382, Learning Rate: 0.000993
No improvement for 1 epochs. Best loss: 0.116362
Epoch 74/300, Average Loss: 0.116550, Learning Rate: 0.000992
No improvement for 2 epochs. Best loss: 0.116362
Epoch 75/300, Average Loss: 0.115988, Learning Rate: 0.000990
New best model with loss: 0.115988
Epoch 76/300, Average Loss: 0.117238, Learning Rate: 0.000989
No improvement for 1 epochs. Best loss: 0.115988
Epoch 77/300, Average Loss: 0.116843, Learning Rate: 0.000988
No improvement for 2 epochs. Best loss: 0.115988
Epoch 78/300, Average Loss: 0.115471, Learning Rate: 0.000986
New best model with loss: 0.115471
Epoch 79/300, Average Loss: 0.115954, Learning Rate: 0.000985
No improvement for 1 epochs. Best loss: 0.115471
Epoch 80/300, Average Loss: 0.115633, Learning Rate: 0.000983
No improvement for 2 epochs. Best loss: 0.115471
Epoch 81/300, Average Loss: 0.116680, Learning Rate: 0.000981
No improvement for 3 epochs. Best loss: 0.115471
Epoch 82/300, Average Loss: 0.114725, Learning Rate: 0.000979
New best model with loss: 0.114725
Epoch 83/300, Average Loss: 0.114029, Learning Rate: 0.000978
New best model with loss: 0.114029
Epoch 84/300, Average Loss: 0.115508, Learning Rate: 0.000976
No improvement for 1 epochs. Best loss: 0.114029
Epoch 85/300, Average Loss: 0.115987, Learning Rate: 0.000974
No improvement for 2 epochs. Best loss: 0.114029
Epoch 86/300, Average Loss: 0.114314, Learning Rate: 0.000971
No improvement for 3 epochs. Best loss: 0.114029
Epoch 87/300, Average Loss: 0.114671, Learning Rate: 0.000969
No improvement for 4 epochs. Best loss: 0.114029
Epoch 88/300, Average Loss: 0.113258, Learning Rate: 0.000967
New best model with loss: 0.113258
Epoch 89/300, Average Loss: 0.113718, Learning Rate: 0.000964
No improvement for 1 epochs. Best loss: 0.113258
Epoch 90/300, Average Loss: 0.113916, Learning Rate: 0.000962
No improvement for 2 epochs. Best loss: 0.113258
Epoch 91/300, Average Loss: 0.112081, Learning Rate: 0.000959
New best model with loss: 0.112081
Epoch 92/300, Average Loss: 0.112717, Learning Rate: 0.000957
No improvement for 1 epochs. Best loss: 0.112081
Epoch 93/300, Average Loss: 0.111133, Learning Rate: 0.000954
New best model with loss: 0.111133
Epoch 94/300, Average Loss: 0.111941, Learning Rate: 0.000951
No improvement for 1 epochs. Best loss: 0.111133
Epoch 95/300, Average Loss: 0.111955, Learning Rate: 0.000949
No improvement for 2 epochs. Best loss: 0.111133
Epoch 96/300, Average Loss: 0.111404, Learning Rate: 0.000946
No improvement for 3 epochs. Best loss: 0.111133
Epoch 97/300, Average Loss: 0.111295, Learning Rate: 0.000943
No improvement for 4 epochs. Best loss: 0.111133
Epoch 98/300, Average Loss: 0.112423, Learning Rate: 0.000940
No improvement for 5 epochs. Best loss: 0.111133
Epoch 99/300, Average Loss: 0.111331, Learning Rate: 0.000936
No improvement for 6 epochs. Best loss: 0.111133
Epoch 100/300, Average Loss: 0.110042, Learning Rate: 0.000933
New best model with loss: 0.110042
Epoch 101/300, Average Loss: 0.112494, Learning Rate: 0.000930
No improvement for 1 epochs. Best loss: 0.110042
Epoch 102/300, Average Loss: 0.109866, Learning Rate: 0.000926
New best model with loss: 0.109866
Epoch 103/300, Average Loss: 0.109715, Learning Rate: 0.000923
New best model with loss: 0.109715
Epoch 104/300, Average Loss: 0.108507, Learning Rate: 0.000919
New best model with loss: 0.108507
Epoch 105/300, Average Loss: 0.108721, Learning Rate: 0.000916
No improvement for 1 epochs. Best loss: 0.108507
Epoch 106/300, Average Loss: 0.108137, Learning Rate: 0.000912
New best model with loss: 0.108137
Epoch 107/300, Average Loss: 0.108945, Learning Rate: 0.000908
No improvement for 1 epochs. Best loss: 0.108137
Epoch 108/300, Average Loss: 0.108298, Learning Rate: 0.000905
No improvement for 2 epochs. Best loss: 0.108137
Epoch 109/300, Average Loss: 0.109814, Learning Rate: 0.000901
No improvement for 3 epochs. Best loss: 0.108137
Epoch 110/300, Average Loss: 0.109773, Learning Rate: 0.000897
No improvement for 4 epochs. Best loss: 0.108137
Epoch 111/300, Average Loss: 0.107853, Learning Rate: 0.000893
New best model with loss: 0.107853
Epoch 112/300, Average Loss: 0.109062, Learning Rate: 0.000889
No improvement for 1 epochs. Best loss: 0.107853
Epoch 113/300, Average Loss: 0.109244, Learning Rate: 0.000885
No improvement for 2 epochs. Best loss: 0.107853
Epoch 114/300, Average Loss: 0.109116, Learning Rate: 0.000880
No improvement for 3 epochs. Best loss: 0.107853
Epoch 115/300, Average Loss: 0.108769, Learning Rate: 0.000876
No improvement for 4 epochs. Best loss: 0.107853
Epoch 116/300, Average Loss: 0.108698, Learning Rate: 0.000872
No improvement for 5 epochs. Best loss: 0.107853
Epoch 117/300, Average Loss: 0.107351, Learning Rate: 0.000867
New best model with loss: 0.107351
Epoch 118/300, Average Loss: 0.108480, Learning Rate: 0.000863
No improvement for 1 epochs. Best loss: 0.107351
Epoch 119/300, Average Loss: 0.108773, Learning Rate: 0.000858
No improvement for 2 epochs. Best loss: 0.107351
Epoch 120/300, Average Loss: 0.108456, Learning Rate: 0.000854
No improvement for 3 epochs. Best loss: 0.107351
Epoch 121/300, Average Loss: 0.106743, Learning Rate: 0.000849
New best model with loss: 0.106743
Epoch 122/300, Average Loss: 0.108715, Learning Rate: 0.000844
No improvement for 1 epochs. Best loss: 0.106743
Epoch 123/300, Average Loss: 0.107637, Learning Rate: 0.000840
No improvement for 2 epochs. Best loss: 0.106743
Epoch 124/300, Average Loss: 0.106928, Learning Rate: 0.000835
No improvement for 3 epochs. Best loss: 0.106743
Epoch 125/300, Average Loss: 0.105826, Learning Rate: 0.000830
New best model with loss: 0.105826
Epoch 126/300, Average Loss: 0.105438, Learning Rate: 0.000825
New best model with loss: 0.105438
Epoch 127/300, Average Loss: 0.107301, Learning Rate: 0.000820
No improvement for 1 epochs. Best loss: 0.105438
Epoch 128/300, Average Loss: 0.105187, Learning Rate: 0.000815
New best model with loss: 0.105187
Epoch 129/300, Average Loss: 0.107378, Learning Rate: 0.000810
No improvement for 1 epochs. Best loss: 0.105187
Epoch 130/300, Average Loss: 0.104570, Learning Rate: 0.000805
New best model with loss: 0.104570
Epoch 131/300, Average Loss: 0.106251, Learning Rate: 0.000799
No improvement for 1 epochs. Best loss: 0.104570
Epoch 132/300, Average Loss: 0.105770, Learning Rate: 0.000794
No improvement for 2 epochs. Best loss: 0.104570
Epoch 133/300, Average Loss: 0.105394, Learning Rate: 0.000789
No improvement for 3 epochs. Best loss: 0.104570
Epoch 134/300, Average Loss: 0.104819, Learning Rate: 0.000784
No improvement for 4 epochs. Best loss: 0.104570
Epoch 135/300, Average Loss: 0.106260, Learning Rate: 0.000778
No improvement for 5 epochs. Best loss: 0.104570
Epoch 136/300, Average Loss: 0.106212, Learning Rate: 0.000773
No improvement for 6 epochs. Best loss: 0.104570
Epoch 137/300, Average Loss: 0.105172, Learning Rate: 0.000767
No improvement for 7 epochs. Best loss: 0.104570
Epoch 138/300, Average Loss: 0.105126, Learning Rate: 0.000762
No improvement for 8 epochs. Best loss: 0.104570
Epoch 139/300, Average Loss: 0.103975, Learning Rate: 0.000756
New best model with loss: 0.103975
Epoch 140/300, Average Loss: 0.104013, Learning Rate: 0.000750
No improvement for 1 epochs. Best loss: 0.103975
Epoch 141/300, Average Loss: 0.103634, Learning Rate: 0.000745
New best model with loss: 0.103634
Epoch 142/300, Average Loss: 0.103327, Learning Rate: 0.000739
New best model with loss: 0.103327
Epoch 143/300, Average Loss: 0.104332, Learning Rate: 0.000733
No improvement for 1 epochs. Best loss: 0.103327
Epoch 144/300, Average Loss: 0.103481, Learning Rate: 0.000727
No improvement for 2 epochs. Best loss: 0.103327
Epoch 145/300, Average Loss: 0.103264, Learning Rate: 0.000722
No improvement for 3 epochs. Best loss: 0.103327
Epoch 146/300, Average Loss: 0.102914, Learning Rate: 0.000716
New best model with loss: 0.102914
Epoch 147/300, Average Loss: 0.103632, Learning Rate: 0.000710
No improvement for 1 epochs. Best loss: 0.102914
Epoch 148/300, Average Loss: 0.102400, Learning Rate: 0.000704
New best model with loss: 0.102400
Epoch 149/300, Average Loss: 0.102956, Learning Rate: 0.000698
No improvement for 1 epochs. Best loss: 0.102400
Epoch 150/300, Average Loss: 0.103221, Learning Rate: 0.000692
No improvement for 2 epochs. Best loss: 0.102400
Epoch 151/300, Average Loss: 0.103105, Learning Rate: 0.000686
No improvement for 3 epochs. Best loss: 0.102400
Epoch 152/300, Average Loss: 0.102086, Learning Rate: 0.000680
New best model with loss: 0.102086
Epoch 153/300, Average Loss: 0.103174, Learning Rate: 0.000674
No improvement for 1 epochs. Best loss: 0.102086
Epoch 154/300, Average Loss: 0.103122, Learning Rate: 0.000667
No improvement for 2 epochs. Best loss: 0.102086
Epoch 155/300, Average Loss: 0.101340, Learning Rate: 0.000661
New best model with loss: 0.101340
Epoch 156/300, Average Loss: 0.103066, Learning Rate: 0.000655
No improvement for 1 epochs. Best loss: 0.101340
Epoch 157/300, Average Loss: 0.101397, Learning Rate: 0.000649
No improvement for 2 epochs. Best loss: 0.101340
Epoch 158/300, Average Loss: 0.100596, Learning Rate: 0.000643
New best model with loss: 0.100596
Epoch 159/300, Average Loss: 0.102514, Learning Rate: 0.000636
No improvement for 1 epochs. Best loss: 0.100596
Epoch 160/300, Average Loss: 0.101150, Learning Rate: 0.000630
No improvement for 2 epochs. Best loss: 0.100596
Epoch 161/300, Average Loss: 0.100967, Learning Rate: 0.000624
No improvement for 3 epochs. Best loss: 0.100596
Epoch 162/300, Average Loss: 0.101515, Learning Rate: 0.000617
No improvement for 4 epochs. Best loss: 0.100596
Epoch 163/300, Average Loss: 0.101312, Learning Rate: 0.000611
No improvement for 5 epochs. Best loss: 0.100596
Epoch 164/300, Average Loss: 0.100647, Learning Rate: 0.000605
No improvement for 6 epochs. Best loss: 0.100596
Epoch 165/300, Average Loss: 0.100785, Learning Rate: 0.000598
No improvement for 7 epochs. Best loss: 0.100596
Epoch 166/300, Average Loss: 0.101119, Learning Rate: 0.000592
No improvement for 8 epochs. Best loss: 0.100596
Epoch 167/300, Average Loss: 0.098926, Learning Rate: 0.000585
New best model with loss: 0.098926
Epoch 168/300, Average Loss: 0.101115, Learning Rate: 0.000579
No improvement for 1 epochs. Best loss: 0.098926
Epoch 169/300, Average Loss: 0.099409, Learning Rate: 0.000572
No improvement for 2 epochs. Best loss: 0.098926
Epoch 170/300, Average Loss: 0.100215, Learning Rate: 0.000566
No improvement for 3 epochs. Best loss: 0.098926
Epoch 171/300, Average Loss: 0.098918, Learning Rate: 0.000559
No improvement for 4 epochs. Best loss: 0.098926
Epoch 172/300, Average Loss: 0.099501, Learning Rate: 0.000553
No improvement for 5 epochs. Best loss: 0.098926
Epoch 173/300, Average Loss: 0.098782, Learning Rate: 0.000546
New best model with loss: 0.098782
Epoch 174/300, Average Loss: 0.098818, Learning Rate: 0.000540
No improvement for 1 epochs. Best loss: 0.098782
Epoch 175/300, Average Loss: 0.099473, Learning Rate: 0.000533
No improvement for 2 epochs. Best loss: 0.098782
Epoch 176/300, Average Loss: 0.098394, Learning Rate: 0.000527
New best model with loss: 0.098394
Epoch 177/300, Average Loss: 0.099930, Learning Rate: 0.000520
No improvement for 1 epochs. Best loss: 0.098394
Epoch 178/300, Average Loss: 0.098392, Learning Rate: 0.000514
No improvement for 2 epochs. Best loss: 0.098394
Epoch 179/300, Average Loss: 0.098364, Learning Rate: 0.000507
No improvement for 3 epochs. Best loss: 0.098394
Epoch 180/300, Average Loss: 0.098809, Learning Rate: 0.000501
No improvement for 4 epochs. Best loss: 0.098394
Epoch 181/300, Average Loss: 0.097928, Learning Rate: 0.000494
New best model with loss: 0.097928
Epoch 182/300, Average Loss: 0.098596, Learning Rate: 0.000488
No improvement for 1 epochs. Best loss: 0.097928
Epoch 183/300, Average Loss: 0.098582, Learning Rate: 0.000481
No improvement for 2 epochs. Best loss: 0.097928
Epoch 184/300, Average Loss: 0.098463, Learning Rate: 0.000475
No improvement for 3 epochs. Best loss: 0.097928
Epoch 185/300, Average Loss: 0.097010, Learning Rate: 0.000468
New best model with loss: 0.097010
Epoch 186/300, Average Loss: 0.096904, Learning Rate: 0.000462
New best model with loss: 0.096904
Epoch 187/300, Average Loss: 0.096701, Learning Rate: 0.000455
New best model with loss: 0.096701
Epoch 188/300, Average Loss: 0.096869, Learning Rate: 0.000449
No improvement for 1 epochs. Best loss: 0.096701
Epoch 189/300, Average Loss: 0.096509, Learning Rate: 0.000442
New best model with loss: 0.096509
Epoch 190/300, Average Loss: 0.096393, Learning Rate: 0.000436
New best model with loss: 0.096393
Epoch 191/300, Average Loss: 0.097014, Learning Rate: 0.000429
No improvement for 1 epochs. Best loss: 0.096393
Epoch 192/300, Average Loss: 0.097615, Learning Rate: 0.000423
No improvement for 2 epochs. Best loss: 0.096393
Epoch 193/300, Average Loss: 0.097377, Learning Rate: 0.000416
No improvement for 3 epochs. Best loss: 0.096393
Epoch 194/300, Average Loss: 0.097324, Learning Rate: 0.000410
No improvement for 4 epochs. Best loss: 0.096393
Epoch 195/300, Average Loss: 0.096949, Learning Rate: 0.000403
No improvement for 5 epochs. Best loss: 0.096393
Epoch 196/300, Average Loss: 0.097771, Learning Rate: 0.000397
No improvement for 6 epochs. Best loss: 0.096393
Epoch 197/300, Average Loss: 0.096927, Learning Rate: 0.000391
No improvement for 7 epochs. Best loss: 0.096393
Epoch 198/300, Average Loss: 0.095139, Learning Rate: 0.000384
New best model with loss: 0.095139
Epoch 199/300, Average Loss: 0.095187, Learning Rate: 0.000378
No improvement for 1 epochs. Best loss: 0.095139
Epoch 200/300, Average Loss: 0.096295, Learning Rate: 0.000372
No improvement for 2 epochs. Best loss: 0.095139
Epoch 201/300, Average Loss: 0.094919, Learning Rate: 0.000365
New best model with loss: 0.094919
Epoch 202/300, Average Loss: 0.097548, Learning Rate: 0.000359
No improvement for 1 epochs. Best loss: 0.094919
Epoch 203/300, Average Loss: 0.095346, Learning Rate: 0.000353
No improvement for 2 epochs. Best loss: 0.094919
Epoch 204/300, Average Loss: 0.097042, Learning Rate: 0.000347
No improvement for 3 epochs. Best loss: 0.094919
Epoch 205/300, Average Loss: 0.095331, Learning Rate: 0.000340
No improvement for 4 epochs. Best loss: 0.094919
Epoch 206/300, Average Loss: 0.094399, Learning Rate: 0.000334
New best model with loss: 0.094399
Epoch 207/300, Average Loss: 0.095263, Learning Rate: 0.000328
No improvement for 1 epochs. Best loss: 0.094399
Epoch 208/300, Average Loss: 0.094740, Learning Rate: 0.000322
No improvement for 2 epochs. Best loss: 0.094399
Epoch 209/300, Average Loss: 0.094627, Learning Rate: 0.000316
No improvement for 3 epochs. Best loss: 0.094399
Epoch 210/300, Average Loss: 0.095727, Learning Rate: 0.000310
No improvement for 4 epochs. Best loss: 0.094399
Epoch 211/300, Average Loss: 0.093619, Learning Rate: 0.000304
New best model with loss: 0.093619
Epoch 212/300, Average Loss: 0.092134, Learning Rate: 0.000298
New best model with loss: 0.092134
Epoch 213/300, Average Loss: 0.094167, Learning Rate: 0.000292
No improvement for 1 epochs. Best loss: 0.092134
Epoch 214/300, Average Loss: 0.094431, Learning Rate: 0.000286
No improvement for 2 epochs. Best loss: 0.092134
Epoch 215/300, Average Loss: 0.094023, Learning Rate: 0.000280
No improvement for 3 epochs. Best loss: 0.092134
Epoch 216/300, Average Loss: 0.093405, Learning Rate: 0.000274
No improvement for 4 epochs. Best loss: 0.092134
Epoch 217/300, Average Loss: 0.094453, Learning Rate: 0.000268
No improvement for 5 epochs. Best loss: 0.092134
Epoch 218/300, Average Loss: 0.094548, Learning Rate: 0.000263
No improvement for 6 epochs. Best loss: 0.092134
Epoch 219/300, Average Loss: 0.094411, Learning Rate: 0.000257
No improvement for 7 epochs. Best loss: 0.092134
Epoch 220/300, Average Loss: 0.091930, Learning Rate: 0.000251
New best model with loss: 0.091930
Epoch 221/300, Average Loss: 0.094022, Learning Rate: 0.000246
No improvement for 1 epochs. Best loss: 0.091930
Epoch 222/300, Average Loss: 0.094671, Learning Rate: 0.000240
No improvement for 2 epochs. Best loss: 0.091930
Epoch 223/300, Average Loss: 0.094516, Learning Rate: 0.000234
No improvement for 3 epochs. Best loss: 0.091930
Epoch 224/300, Average Loss: 0.092976, Learning Rate: 0.000229
No improvement for 4 epochs. Best loss: 0.091930
Epoch 225/300, Average Loss: 0.093126, Learning Rate: 0.000223
No improvement for 5 epochs. Best loss: 0.091930
Epoch 226/300, Average Loss: 0.092466, Learning Rate: 0.000218
No improvement for 6 epochs. Best loss: 0.091930
Epoch 227/300, Average Loss: 0.092200, Learning Rate: 0.000213
No improvement for 7 epochs. Best loss: 0.091930
Epoch 228/300, Average Loss: 0.092807, Learning Rate: 0.000207
No improvement for 8 epochs. Best loss: 0.091930
Epoch 229/300, Average Loss: 0.093026, Learning Rate: 0.000202
No improvement for 9 epochs. Best loss: 0.091930
Epoch 230/300, Average Loss: 0.092193, Learning Rate: 0.000197
No improvement for 10 epochs. Best loss: 0.091930
Epoch 231/300, Average Loss: 0.093576, Learning Rate: 0.000192
No improvement for 11 epochs. Best loss: 0.091930
Epoch 232/300, Average Loss: 0.092032, Learning Rate: 0.000187
No improvement for 12 epochs. Best loss: 0.091930
Epoch 233/300, Average Loss: 0.095184, Learning Rate: 0.000182
No improvement for 13 epochs. Best loss: 0.091930
Epoch 234/300, Average Loss: 0.092615, Learning Rate: 0.000177
No improvement for 14 epochs. Best loss: 0.091930
Epoch 235/300, Average Loss: 0.093133, Learning Rate: 0.000172
No improvement for 15 epochs. Best loss: 0.091930
Epoch 236/300, Average Loss: 0.093678, Learning Rate: 0.000167
No improvement for 16 epochs. Best loss: 0.091930
Epoch 237/300, Average Loss: 0.092645, Learning Rate: 0.000162
No improvement for 17 epochs. Best loss: 0.091930
Epoch 238/300, Average Loss: 0.092481, Learning Rate: 0.000157
No improvement for 18 epochs. Best loss: 0.091930
Epoch 239/300, Average Loss: 0.092481, Learning Rate: 0.000152
No improvement for 19 epochs. Best loss: 0.091930
Epoch 240/300, Average Loss: 0.091762, Learning Rate: 0.000148
New best model with loss: 0.091762
Epoch 241/300, Average Loss: 0.090911, Learning Rate: 0.000143
New best model with loss: 0.090911
Epoch 242/300, Average Loss: 0.091492, Learning Rate: 0.000139
No improvement for 1 epochs. Best loss: 0.090911
Epoch 243/300, Average Loss: 0.093128, Learning Rate: 0.000134
No improvement for 2 epochs. Best loss: 0.090911
Epoch 244/300, Average Loss: 0.090729, Learning Rate: 0.000130
New best model with loss: 0.090729
Epoch 245/300, Average Loss: 0.091136, Learning Rate: 0.000125
No improvement for 1 epochs. Best loss: 0.090729
Epoch 246/300, Average Loss: 0.090703, Learning Rate: 0.000121
No improvement for 2 epochs. Best loss: 0.090729
Epoch 247/300, Average Loss: 0.090601, Learning Rate: 0.000117
New best model with loss: 0.090601
Epoch 248/300, Average Loss: 0.089758, Learning Rate: 0.000113
New best model with loss: 0.089758
Epoch 249/300, Average Loss: 0.090182, Learning Rate: 0.000109
No improvement for 1 epochs. Best loss: 0.089758
Epoch 250/300, Average Loss: 0.091072, Learning Rate: 0.000105
No improvement for 2 epochs. Best loss: 0.089758
Epoch 251/300, Average Loss: 0.091111, Learning Rate: 0.000101
No improvement for 3 epochs. Best loss: 0.089758
Epoch 252/300, Average Loss: 0.091109, Learning Rate: 0.000097
No improvement for 4 epochs. Best loss: 0.089758
Epoch 253/300, Average Loss: 0.091247, Learning Rate: 0.000093
No improvement for 5 epochs. Best loss: 0.089758
Epoch 254/300, Average Loss: 0.091136, Learning Rate: 0.000089
No improvement for 6 epochs. Best loss: 0.089758
Epoch 255/300, Average Loss: 0.091485, Learning Rate: 0.000086
No improvement for 7 epochs. Best loss: 0.089758
Epoch 256/300, Average Loss: 0.092830, Learning Rate: 0.000082
No improvement for 8 epochs. Best loss: 0.089758
Epoch 257/300, Average Loss: 0.089446, Learning Rate: 0.000079
New best model with loss: 0.089446
Epoch 258/300, Average Loss: 0.091823, Learning Rate: 0.000075
No improvement for 1 epochs. Best loss: 0.089446
Epoch 259/300, Average Loss: 0.091753, Learning Rate: 0.000072
No improvement for 2 epochs. Best loss: 0.089446
Epoch 260/300, Average Loss: 0.090296, Learning Rate: 0.000068
No improvement for 3 epochs. Best loss: 0.089446
Epoch 261/300, Average Loss: 0.090416, Learning Rate: 0.000065
No improvement for 4 epochs. Best loss: 0.089446
Epoch 262/300, Average Loss: 0.090782, Learning Rate: 0.000062
No improvement for 5 epochs. Best loss: 0.089446
Epoch 263/300, Average Loss: 0.091033, Learning Rate: 0.000059
No improvement for 6 epochs. Best loss: 0.089446
Epoch 264/300, Average Loss: 0.090231, Learning Rate: 0.000056
No improvement for 7 epochs. Best loss: 0.089446
Epoch 265/300, Average Loss: 0.089724, Learning Rate: 0.000053
No improvement for 8 epochs. Best loss: 0.089446
Epoch 266/300, Average Loss: 0.090575, Learning Rate: 0.000050
No improvement for 9 epochs. Best loss: 0.089446
Epoch 267/300, Average Loss: 0.088476, Learning Rate: 0.000047
New best model with loss: 0.088476
Epoch 268/300, Average Loss: 0.088721, Learning Rate: 0.000045
No improvement for 1 epochs. Best loss: 0.088476
Epoch 269/300, Average Loss: 0.089154, Learning Rate: 0.000042
No improvement for 2 epochs. Best loss: 0.088476
Epoch 270/300, Average Loss: 0.090414, Learning Rate: 0.000040
No improvement for 3 epochs. Best loss: 0.088476
Epoch 271/300, Average Loss: 0.090742, Learning Rate: 0.000037
No improvement for 4 epochs. Best loss: 0.088476
Epoch 272/300, Average Loss: 0.090212, Learning Rate: 0.000035
No improvement for 5 epochs. Best loss: 0.088476
Epoch 273/300, Average Loss: 0.088510, Learning Rate: 0.000032
No improvement for 6 epochs. Best loss: 0.088476
Epoch 274/300, Average Loss: 0.090634, Learning Rate: 0.000030
No improvement for 7 epochs. Best loss: 0.088476
Epoch 275/300, Average Loss: 0.090743, Learning Rate: 0.000028
No improvement for 8 epochs. Best loss: 0.088476
Epoch 276/300, Average Loss: 0.090541, Learning Rate: 0.000026
No improvement for 9 epochs. Best loss: 0.088476
Epoch 277/300, Average Loss: 0.088240, Learning Rate: 0.000024
New best model with loss: 0.088240
Epoch 278/300, Average Loss: 0.091180, Learning Rate: 0.000022
No improvement for 1 epochs. Best loss: 0.088240
Epoch 279/300, Average Loss: 0.089944, Learning Rate: 0.000020
No improvement for 2 epochs. Best loss: 0.088240
Epoch 280/300, Average Loss: 0.090800, Learning Rate: 0.000019
No improvement for 3 epochs. Best loss: 0.088240
Epoch 281/300, Average Loss: 0.090361, Learning Rate: 0.000017
No improvement for 4 epochs. Best loss: 0.088240
Epoch 282/300, Average Loss: 0.090008, Learning Rate: 0.000015
No improvement for 5 epochs. Best loss: 0.088240
Epoch 283/300, Average Loss: 0.088846, Learning Rate: 0.000014
No improvement for 6 epochs. Best loss: 0.088240
Epoch 284/300, Average Loss: 0.090787, Learning Rate: 0.000013
No improvement for 7 epochs. Best loss: 0.088240
Epoch 285/300, Average Loss: 0.090103, Learning Rate: 0.000011
No improvement for 8 epochs. Best loss: 0.088240
Epoch 286/300, Average Loss: 0.089847, Learning Rate: 0.000010
No improvement for 9 epochs. Best loss: 0.088240
Epoch 287/300, Average Loss: 0.090722, Learning Rate: 0.000009
No improvement for 10 epochs. Best loss: 0.088240
Epoch 288/300, Average Loss: 0.089585, Learning Rate: 0.000008
No improvement for 11 epochs. Best loss: 0.088240
Epoch 289/300, Average Loss: 0.089730, Learning Rate: 0.000007
No improvement for 12 epochs. Best loss: 0.088240
Epoch 290/300, Average Loss: 0.088760, Learning Rate: 0.000006
No improvement for 13 epochs. Best loss: 0.088240
Epoch 291/300, Average Loss: 0.089728, Learning Rate: 0.000005
No improvement for 14 epochs. Best loss: 0.088240
Epoch 292/300, Average Loss: 0.090637, Learning Rate: 0.000004
No improvement for 15 epochs. Best loss: 0.088240
Epoch 293/300, Average Loss: 0.090259, Learning Rate: 0.000004
No improvement for 16 epochs. Best loss: 0.088240
Epoch 294/300, Average Loss: 0.088964, Learning Rate: 0.000003
No improvement for 17 epochs. Best loss: 0.088240
Epoch 295/300, Average Loss: 0.090957, Learning Rate: 0.000003
No improvement for 18 epochs. Best loss: 0.088240
Epoch 296/300, Average Loss: 0.089250, Learning Rate: 0.000002
No improvement for 19 epochs. Best loss: 0.088240
Epoch 297/300, Average Loss: 0.089694, Learning Rate: 0.000002
No improvement for 20 epochs. Best loss: 0.088240
Epoch 298/300, Average Loss: 0.089553, Learning Rate: 0.000002
No improvement for 21 epochs. Best loss: 0.088240
/beegfs/HPCscratch/kreuer/CAMDA_25/generators/EmbeddedDiffusion/main.py:58: FutureWarning: Downcasting behavior in `replace` is deprecated and will be removed in a future version. To retain the old behavior, explicitly call `result.infer_objects(copy=False)`. To opt-in to the future behavior, set `pd.set_option('future.no_silent_downcasting', True)`
  self.y_train = y_train.replace(self.label_mapping).values
Epoch 299/300, Average Loss: 0.089656, Learning Rate: 0.000002
No improvement for 22 epochs. Best loss: 0.088240
Model saved to /beegfs/HPCscratch/kreuer/CAMDA_25/models/embedded_diffusion_3.pth
Generating 250 samples for label 2...
Generating 600 samples for label 4...
Generating 136 samples for label 4...
Generating 282 samples for label 5...
Generating 356 samples for label 0...
Generating 344 samples for label 6...
Generating 120 samples for label 7...
Generating 340 samples for label 9...
Generating 197 samples for label 8...
Generating 308 samples for label 10...
Generating 333 samples for label 1...
Generating 124 samples for label 3...
Generating 68 samples for label 11...
Synthetic data saved in /beegfs/HPCscratch/kreuer/CAMDA_25/data/TCGA-COMBINED/synthetic/embedded_diffusion/combined_3.
